{"C:\\Repos\\expo_expense_tracker\\src\\navigation\\index.tsx": {"path":"C:\\Repos\\expo_expense_tracker\\src\\navigation\\index.tsx","statementMap":{"0":{"start":{"line":19,"column":14},"end":{"line":19,"column":62}},"1":{"start":{"line":20,"column":12},"end":{"line":20,"column":57}},"2":{"start":{"line":23,"column":2},"end":{"line":51,"column":4}},"3":{"start":{"line":25,"column":37},"end":{"line":44,"column":7}},"4":{"start":{"line":27,"column":57},"end":{"line":27,"column":70}},"5":{"start":{"line":29,"column":10},"end":{"line":37,"column":11}},"6":{"start":{"line":30,"column":12},"end":{"line":30,"column":61}},"7":{"start":{"line":31,"column":17},"end":{"line":37,"column":11}},"8":{"start":{"line":32,"column":12},"end":{"line":32,"column":57}},"9":{"start":{"line":33,"column":17},"end":{"line":37,"column":11}},"10":{"start":{"line":34,"column":12},"end":{"line":34,"column":67}},"11":{"start":{"line":35,"column":17},"end":{"line":37,"column":11}},"12":{"start":{"line":36,"column":12},"end":{"line":36,"column":65}},"13":{"start":{"line":39,"column":10},"end":{"line":39,"column":72}},"14":{"start":{"line":55,"column":2},"end":{"line":104,"column":4}}},"fnMap":{"0":{"name":"MainTabs","decl":{"start":{"line":22,"column":9},"end":{"line":22,"column":17}},"loc":{"start":{"line":22,"column":20},"end":{"line":52,"column":1}},"line":22},"1":{"name":"(anonymous_1)","decl":{"start":{"line":25,"column":21},"end":{"line":25,"column":22}},"loc":{"start":{"line":25,"column":37},"end":{"line":44,"column":7}},"line":25},"2":{"name":"(anonymous_2)","decl":{"start":{"line":26,"column":20},"end":{"line":26,"column":21}},"loc":{"start":{"line":26,"column":50},"end":{"line":40,"column":9}},"line":26},"3":{"name":"Navigation","decl":{"start":{"line":54,"column":24},"end":{"line":54,"column":34}},"loc":{"start":{"line":54,"column":37},"end":{"line":105,"column":1}},"line":54}},"branchMap":{"0":{"loc":{"start":{"line":29,"column":10},"end":{"line":37,"column":11}},"type":"if","locations":[{"start":{"line":29,"column":10},"end":{"line":37,"column":11}},{"start":{"line":31,"column":17},"end":{"line":37,"column":11}}],"line":29},"1":{"loc":{"start":{"line":30,"column":23},"end":{"line":30,"column":60}},"type":"cond-expr","locations":[{"start":{"line":30,"column":33},"end":{"line":30,"column":41}},{"start":{"line":30,"column":44},"end":{"line":30,"column":60}}],"line":30},"2":{"loc":{"start":{"line":31,"column":17},"end":{"line":37,"column":11}},"type":"if","locations":[{"start":{"line":31,"column":17},"end":{"line":37,"column":11}},{"start":{"line":33,"column":17},"end":{"line":37,"column":11}}],"line":31},"3":{"loc":{"start":{"line":32,"column":23},"end":{"line":32,"column":56}},"type":"cond-expr","locations":[{"start":{"line":32,"column":33},"end":{"line":32,"column":39}},{"start":{"line":32,"column":42},"end":{"line":32,"column":56}}],"line":32},"4":{"loc":{"start":{"line":33,"column":17},"end":{"line":37,"column":11}},"type":"if","locations":[{"start":{"line":33,"column":17},"end":{"line":37,"column":11}},{"start":{"line":35,"column":17},"end":{"line":37,"column":11}}],"line":33},"5":{"loc":{"start":{"line":34,"column":23},"end":{"line":34,"column":66}},"type":"cond-expr","locations":[{"start":{"line":34,"column":33},"end":{"line":34,"column":44}},{"start":{"line":34,"column":47},"end":{"line":34,"column":66}}],"line":34},"6":{"loc":{"start":{"line":35,"column":17},"end":{"line":37,"column":11}},"type":"if","locations":[{"start":{"line":35,"column":17},"end":{"line":37,"column":11}},{"start":{},"end":{}}],"line":35},"7":{"loc":{"start":{"line":36,"column":23},"end":{"line":36,"column":64}},"type":"cond-expr","locations":[{"start":{"line":36,"column":33},"end":{"line":36,"column":43}},{"start":{"line":36,"column":46},"end":{"line":36,"column":64}}],"line":36}},"s":{"0":0,"1":0,"2":0,"3":0,"4":0,"5":0,"6":0,"7":0,"8":0,"9":0,"10":0,"11":0,"12":0,"13":0,"14":0},"f":{"0":0,"1":0,"2":0,"3":0},"b":{"0":[0,0],"1":[0,0],"2":[0,0],"3":[0,0],"4":[0,0],"5":[0,0],"6":[0,0],"7":[0,0]}}
,"C:\\Repos\\expo_expense_tracker\\src\\screens\\AddGoalScreen.tsx": {"path":"C:\\Repos\\expo_expense_tracker\\src\\screens\\AddGoalScreen.tsx","statementMap":{"0":{"start":{"line":21,"column":21},"end":{"line":21,"column":52}},"1":{"start":{"line":22,"column":26},"end":{"line":22,"column":38}},"2":{"start":{"line":23,"column":42},"end":{"line":23,"column":54}},"3":{"start":{"line":24,"column":44},"end":{"line":24,"column":57}},"4":{"start":{"line":25,"column":34},"end":{"line":25,"column":46}},"5":{"start":{"line":27,"column":21},"end":{"line":70,"column":3}},"6":{"start":{"line":28,"column":4},"end":{"line":31,"column":5}},"7":{"start":{"line":29,"column":6},"end":{"line":29,"column":55}},"8":{"start":{"line":30,"column":6},"end":{"line":30,"column":13}},"9":{"start":{"line":33,"column":19},"end":{"line":33,"column":43}},"10":{"start":{"line":34,"column":4},"end":{"line":37,"column":5}},"11":{"start":{"line":35,"column":6},"end":{"line":35,"column":65}},"12":{"start":{"line":36,"column":6},"end":{"line":36,"column":13}},"13":{"start":{"line":39,"column":20},"end":{"line":39,"column":50}},"14":{"start":{"line":41,"column":4},"end":{"line":44,"column":5}},"15":{"start":{"line":42,"column":6},"end":{"line":42,"column":72}},"16":{"start":{"line":43,"column":6},"end":{"line":43,"column":13}},"17":{"start":{"line":47,"column":22},"end":{"line":47,"column":43}},"18":{"start":{"line":48,"column":4},"end":{"line":51,"column":5}},"19":{"start":{"line":49,"column":6},"end":{"line":49,"column":65}},"20":{"start":{"line":50,"column":6},"end":{"line":50,"column":13}},"21":{"start":{"line":53,"column":4},"end":{"line":69,"column":5}},"22":{"start":{"line":54,"column":6},"end":{"line":59,"column":9}},"23":{"start":{"line":61,"column":6},"end":{"line":66,"column":9}},"24":{"start":{"line":64,"column":25},"end":{"line":64,"column":44}},"25":{"start":{"line":68,"column":6},"end":{"line":68,"column":50}},"26":{"start":{"line":72,"column":2},"end":{"line":132,"column":4}},"27":{"start":{"line":75,"column":41},"end":{"line":75,"column":60}},"28":{"start":{"line":135,"column":15},"end":{"line":193,"column":2}}},"fnMap":{"0":{"name":"AddGoalScreen","decl":{"start":{"line":20,"column":24},"end":{"line":20,"column":37}},"loc":{"start":{"line":20,"column":40},"end":{"line":133,"column":1}},"line":20},"1":{"name":"(anonymous_1)","decl":{"start":{"line":27,"column":21},"end":{"line":27,"column":22}},"loc":{"start":{"line":27,"column":33},"end":{"line":70,"column":3}},"line":27},"2":{"name":"(anonymous_2)","decl":{"start":{"line":64,"column":19},"end":{"line":64,"column":20}},"loc":{"start":{"line":64,"column":25},"end":{"line":64,"column":44}},"line":64},"3":{"name":"(anonymous_3)","decl":{"start":{"line":75,"column":35},"end":{"line":75,"column":36}},"loc":{"start":{"line":75,"column":41},"end":{"line":75,"column":60}},"line":75}},"branchMap":{"0":{"loc":{"start":{"line":28,"column":4},"end":{"line":31,"column":5}},"type":"if","locations":[{"start":{"line":28,"column":4},"end":{"line":31,"column":5}},{"start":{},"end":{}}],"line":28},"1":{"loc":{"start":{"line":34,"column":4},"end":{"line":37,"column":5}},"type":"if","locations":[{"start":{"line":34,"column":4},"end":{"line":37,"column":5}},{"start":{},"end":{}}],"line":34},"2":{"loc":{"start":{"line":34,"column":8},"end":{"line":34,"column":36}},"type":"binary-expr","locations":[{"start":{"line":34,"column":8},"end":{"line":34,"column":21}},{"start":{"line":34,"column":25},"end":{"line":34,"column":36}}],"line":34},"3":{"loc":{"start":{"line":39,"column":20},"end":{"line":39,"column":50}},"type":"binary-expr","locations":[{"start":{"line":39,"column":20},"end":{"line":39,"column":45}},{"start":{"line":39,"column":49},"end":{"line":39,"column":50}}],"line":39},"4":{"loc":{"start":{"line":41,"column":4},"end":{"line":44,"column":5}},"type":"if","locations":[{"start":{"line":41,"column":4},"end":{"line":44,"column":5}},{"start":{},"end":{}}],"line":41},"5":{"loc":{"start":{"line":48,"column":4},"end":{"line":51,"column":5}},"type":"if","locations":[{"start":{"line":48,"column":4},"end":{"line":51,"column":5}},{"start":{},"end":{}}],"line":48}},"s":{"0":0,"1":0,"2":0,"3":0,"4":0,"5":0,"6":0,"7":0,"8":0,"9":0,"10":0,"11":0,"12":0,"13":0,"14":0,"15":0,"16":0,"17":0,"18":0,"19":0,"20":0,"21":0,"22":0,"23":0,"24":0,"25":0,"26":0,"27":0,"28":0},"f":{"0":0,"1":0,"2":0,"3":0},"b":{"0":[0,0],"1":[0,0],"2":[0,0],"3":[0,0],"4":[0,0],"5":[0,0]}}
,"C:\\Repos\\expo_expense_tracker\\src\\screens\\AddTransactionScreen.tsx": {"path":"C:\\Repos\\expo_expense_tracker\\src\\screens\\AddTransactionScreen.tsx","statementMap":{"0":{"start":{"line":18,"column":19},"end":{"line":27,"column":1}},"1":{"start":{"line":30,"column":21},"end":{"line":30,"column":52}},"2":{"start":{"line":31,"column":30},"end":{"line":31,"column":42}},"3":{"start":{"line":32,"column":40},"end":{"line":32,"column":52}},"4":{"start":{"line":33,"column":50},"end":{"line":33,"column":66}},"5":{"start":{"line":34,"column":48},"end":{"line":34,"column":89}},"6":{"start":{"line":36,"column":21},"end":{"line":67,"column":3}},"7":{"start":{"line":37,"column":24},"end":{"line":37,"column":42}},"8":{"start":{"line":39,"column":4},"end":{"line":42,"column":5}},"9":{"start":{"line":40,"column":6},"end":{"line":40,"column":67}},"10":{"start":{"line":41,"column":6},"end":{"line":41,"column":13}},"11":{"start":{"line":44,"column":4},"end":{"line":47,"column":5}},"12":{"start":{"line":45,"column":6},"end":{"line":45,"column":71}},"13":{"start":{"line":46,"column":6},"end":{"line":46,"column":13}},"14":{"start":{"line":49,"column":4},"end":{"line":66,"column":5}},"15":{"start":{"line":50,"column":18},"end":{"line":50,"column":42}},"16":{"start":{"line":51,"column":6},"end":{"line":60,"column":9}},"17":{"start":{"line":62,"column":6},"end":{"line":62,"column":26}},"18":{"start":{"line":64,"column":6},"end":{"line":64,"column":56}},"19":{"start":{"line":65,"column":6},"end":{"line":65,"column":57}},"20":{"start":{"line":69,"column":2},"end":{"line":162,"column":4}},"21":{"start":{"line":78,"column":27},"end":{"line":78,"column":56}},"22":{"start":{"line":94,"column":27},"end":{"line":94,"column":55}},"23":{"start":{"line":125,"column":14},"end":{"line":141,"column":33}},"24":{"start":{"line":131,"column":31},"end":{"line":131,"column":60}},"25":{"start":{"line":165,"column":15},"end":{"line":275,"column":2}}},"fnMap":{"0":{"name":"AddTransactionScreen","decl":{"start":{"line":29,"column":24},"end":{"line":29,"column":44}},"loc":{"start":{"line":29,"column":47},"end":{"line":163,"column":1}},"line":29},"1":{"name":"(anonymous_1)","decl":{"start":{"line":36,"column":21},"end":{"line":36,"column":22}},"loc":{"start":{"line":36,"column":33},"end":{"line":67,"column":3}},"line":36},"2":{"name":"(anonymous_2)","decl":{"start":{"line":78,"column":21},"end":{"line":78,"column":22}},"loc":{"start":{"line":78,"column":27},"end":{"line":78,"column":56}},"line":78},"3":{"name":"(anonymous_3)","decl":{"start":{"line":94,"column":21},"end":{"line":94,"column":22}},"loc":{"start":{"line":94,"column":27},"end":{"line":94,"column":55}},"line":94},"4":{"name":"(anonymous_4)","decl":{"start":{"line":124,"column":28},"end":{"line":124,"column":29}},"loc":{"start":{"line":125,"column":14},"end":{"line":141,"column":33}},"line":125},"5":{"name":"(anonymous_5)","decl":{"start":{"line":131,"column":25},"end":{"line":131,"column":26}},"loc":{"start":{"line":131,"column":31},"end":{"line":131,"column":60}},"line":131}},"branchMap":{"0":{"loc":{"start":{"line":39,"column":4},"end":{"line":42,"column":5}},"type":"if","locations":[{"start":{"line":39,"column":4},"end":{"line":42,"column":5}},{"start":{},"end":{}}],"line":39},"1":{"loc":{"start":{"line":39,"column":8},"end":{"line":39,"column":40}},"type":"binary-expr","locations":[{"start":{"line":39,"column":8},"end":{"line":39,"column":20}},{"start":{"line":39,"column":24},"end":{"line":39,"column":40}}],"line":39},"2":{"loc":{"start":{"line":44,"column":4},"end":{"line":47,"column":5}},"type":"if","locations":[{"start":{"line":44,"column":4},"end":{"line":47,"column":5}},{"start":{},"end":{}}],"line":44},"3":{"loc":{"start":{"line":76,"column":14},"end":{"line":76,"column":70}},"type":"binary-expr","locations":[{"start":{"line":76,"column":14},"end":{"line":76,"column":43}},{"start":{"line":76,"column":47},"end":{"line":76,"column":70}}],"line":76},"4":{"loc":{"start":{"line":83,"column":16},"end":{"line":83,"column":76}},"type":"binary-expr","locations":[{"start":{"line":83,"column":16},"end":{"line":83,"column":45}},{"start":{"line":83,"column":49},"end":{"line":83,"column":76}}],"line":83},"5":{"loc":{"start":{"line":92,"column":14},"end":{"line":92,"column":69}},"type":"binary-expr","locations":[{"start":{"line":92,"column":14},"end":{"line":92,"column":42}},{"start":{"line":92,"column":46},"end":{"line":92,"column":69}}],"line":92},"6":{"loc":{"start":{"line":99,"column":16},"end":{"line":99,"column":75}},"type":"binary-expr","locations":[{"start":{"line":99,"column":16},"end":{"line":99,"column":44}},{"start":{"line":99,"column":48},"end":{"line":99,"column":75}}],"line":99},"7":{"loc":{"start":{"line":129,"column":18},"end":{"line":129,"column":76}},"type":"binary-expr","locations":[{"start":{"line":129,"column":18},"end":{"line":129,"column":47}},{"start":{"line":129,"column":51},"end":{"line":129,"column":76}}],"line":129},"8":{"loc":{"start":{"line":136,"column":20},"end":{"line":136,"column":82}},"type":"binary-expr","locations":[{"start":{"line":136,"column":20},"end":{"line":136,"column":49}},{"start":{"line":136,"column":53},"end":{"line":136,"column":82}}],"line":136}},"s":{"0":0,"1":0,"2":0,"3":0,"4":0,"5":0,"6":0,"7":0,"8":0,"9":0,"10":0,"11":0,"12":0,"13":0,"14":0,"15":0,"16":0,"17":0,"18":0,"19":0,"20":0,"21":0,"22":0,"23":0,"24":0,"25":0},"f":{"0":0,"1":0,"2":0,"3":0,"4":0,"5":0},"b":{"0":[0,0],"1":[0,0],"2":[0,0],"3":[0,0],"4":[0,0],"5":[0,0],"6":[0,0],"7":[0,0],"8":[0,0]}}
,"C:\\Repos\\expo_expense_tracker\\src\\screens\\EditTransactionScreen.tsx": {"path":"C:\\Repos\\expo_expense_tracker\\src\\screens\\EditTransactionScreen.tsx","statementMap":{"0":{"start":{"line":20,"column":19},"end":{"line":29,"column":1}},"1":{"start":{"line":32,"column":21},"end":{"line":32,"column":52}},"2":{"start":{"line":33,"column":16},"end":{"line":33,"column":52}},"3":{"start":{"line":34,"column":26},"end":{"line":34,"column":38}},"4":{"start":{"line":36,"column":30},"end":{"line":36,"column":69}},"5":{"start":{"line":37,"column":40},"end":{"line":37,"column":73}},"6":{"start":{"line":38,"column":50},"end":{"line":38,"column":80}},"7":{"start":{"line":39,"column":48},"end":{"line":39,"column":96}},"8":{"start":{"line":40,"column":54},"end":{"line":40,"column":94}},"9":{"start":{"line":42,"column":21},"end":{"line":70,"column":3}},"10":{"start":{"line":43,"column":24},"end":{"line":43,"column":42}},"11":{"start":{"line":45,"column":4},"end":{"line":48,"column":5}},"12":{"start":{"line":46,"column":6},"end":{"line":46,"column":67}},"13":{"start":{"line":47,"column":6},"end":{"line":47,"column":13}},"14":{"start":{"line":50,"column":4},"end":{"line":53,"column":5}},"15":{"start":{"line":51,"column":6},"end":{"line":51,"column":71}},"16":{"start":{"line":52,"column":6},"end":{"line":52,"column":13}},"17":{"start":{"line":55,"column":4},"end":{"line":69,"column":5}},"18":{"start":{"line":56,"column":6},"end":{"line":63,"column":9}},"19":{"start":{"line":65,"column":6},"end":{"line":65,"column":26}},"20":{"start":{"line":67,"column":6},"end":{"line":67,"column":58}},"21":{"start":{"line":68,"column":6},"end":{"line":68,"column":59}},"22":{"start":{"line":72,"column":30},"end":{"line":74,"column":3}},"23":{"start":{"line":73,"column":4},"end":{"line":73,"column":72}},"24":{"start":{"line":76,"column":23},"end":{"line":97,"column":3}},"25":{"start":{"line":77,"column":4},"end":{"line":96,"column":6}},"26":{"start":{"line":86,"column":12},"end":{"line":92,"column":13}},"27":{"start":{"line":87,"column":14},"end":{"line":87,"column":70}},"28":{"start":{"line":88,"column":14},"end":{"line":88,"column":34}},"29":{"start":{"line":90,"column":14},"end":{"line":90,"column":66}},"30":{"start":{"line":91,"column":14},"end":{"line":91,"column":67}},"31":{"start":{"line":99,"column":2},"end":{"line":226,"column":4}},"32":{"start":{"line":103,"column":69},"end":{"line":103,"column":88}},"33":{"start":{"line":123,"column":27},"end":{"line":123,"column":56}},"34":{"start":{"line":139,"column":27},"end":{"line":139,"column":55}},"35":{"start":{"line":170,"column":14},"end":{"line":186,"column":33}},"36":{"start":{"line":176,"column":31},"end":{"line":176,"column":60}},"37":{"start":{"line":204,"column":25},"end":{"line":204,"column":67}},"38":{"start":{"line":229,"column":15},"end":{"line":389,"column":2}}},"fnMap":{"0":{"name":"EditTransactionScreen","decl":{"start":{"line":31,"column":24},"end":{"line":31,"column":45}},"loc":{"start":{"line":31,"column":48},"end":{"line":227,"column":1}},"line":31},"1":{"name":"(anonymous_1)","decl":{"start":{"line":42,"column":21},"end":{"line":42,"column":22}},"loc":{"start":{"line":42,"column":33},"end":{"line":70,"column":3}},"line":42},"2":{"name":"(anonymous_2)","decl":{"start":{"line":72,"column":30},"end":{"line":72,"column":31}},"loc":{"start":{"line":72,"column":36},"end":{"line":74,"column":3}},"line":72},"3":{"name":"(anonymous_3)","decl":{"start":{"line":76,"column":23},"end":{"line":76,"column":24}},"loc":{"start":{"line":76,"column":29},"end":{"line":97,"column":3}},"line":76},"4":{"name":"(anonymous_4)","decl":{"start":{"line":85,"column":19},"end":{"line":85,"column":20}},"loc":{"start":{"line":85,"column":31},"end":{"line":93,"column":11}},"line":85},"5":{"name":"(anonymous_5)","decl":{"start":{"line":103,"column":63},"end":{"line":103,"column":64}},"loc":{"start":{"line":103,"column":69},"end":{"line":103,"column":88}},"line":103},"6":{"name":"(anonymous_6)","decl":{"start":{"line":123,"column":21},"end":{"line":123,"column":22}},"loc":{"start":{"line":123,"column":27},"end":{"line":123,"column":56}},"line":123},"7":{"name":"(anonymous_7)","decl":{"start":{"line":139,"column":21},"end":{"line":139,"column":22}},"loc":{"start":{"line":139,"column":27},"end":{"line":139,"column":55}},"line":139},"8":{"name":"(anonymous_8)","decl":{"start":{"line":169,"column":28},"end":{"line":169,"column":29}},"loc":{"start":{"line":170,"column":14},"end":{"line":186,"column":33}},"line":170},"9":{"name":"(anonymous_9)","decl":{"start":{"line":176,"column":25},"end":{"line":176,"column":26}},"loc":{"start":{"line":176,"column":31},"end":{"line":176,"column":60}},"line":176},"10":{"name":"(anonymous_10)","decl":{"start":{"line":204,"column":19},"end":{"line":204,"column":20}},"loc":{"start":{"line":204,"column":25},"end":{"line":204,"column":67}},"line":204}},"branchMap":{"0":{"loc":{"start":{"line":45,"column":4},"end":{"line":48,"column":5}},"type":"if","locations":[{"start":{"line":45,"column":4},"end":{"line":48,"column":5}},{"start":{},"end":{}}],"line":45},"1":{"loc":{"start":{"line":45,"column":8},"end":{"line":45,"column":40}},"type":"binary-expr","locations":[{"start":{"line":45,"column":8},"end":{"line":45,"column":20}},{"start":{"line":45,"column":24},"end":{"line":45,"column":40}}],"line":45},"2":{"loc":{"start":{"line":50,"column":4},"end":{"line":53,"column":5}},"type":"if","locations":[{"start":{"line":50,"column":4},"end":{"line":53,"column":5}},{"start":{},"end":{}}],"line":50},"3":{"loc":{"start":{"line":121,"column":14},"end":{"line":121,"column":70}},"type":"binary-expr","locations":[{"start":{"line":121,"column":14},"end":{"line":121,"column":43}},{"start":{"line":121,"column":47},"end":{"line":121,"column":70}}],"line":121},"4":{"loc":{"start":{"line":128,"column":16},"end":{"line":128,"column":76}},"type":"binary-expr","locations":[{"start":{"line":128,"column":16},"end":{"line":128,"column":45}},{"start":{"line":128,"column":49},"end":{"line":128,"column":76}}],"line":128},"5":{"loc":{"start":{"line":137,"column":14},"end":{"line":137,"column":69}},"type":"binary-expr","locations":[{"start":{"line":137,"column":14},"end":{"line":137,"column":42}},{"start":{"line":137,"column":46},"end":{"line":137,"column":69}}],"line":137},"6":{"loc":{"start":{"line":144,"column":16},"end":{"line":144,"column":75}},"type":"binary-expr","locations":[{"start":{"line":144,"column":16},"end":{"line":144,"column":44}},{"start":{"line":144,"column":48},"end":{"line":144,"column":75}}],"line":144},"7":{"loc":{"start":{"line":174,"column":18},"end":{"line":174,"column":76}},"type":"binary-expr","locations":[{"start":{"line":174,"column":18},"end":{"line":174,"column":47}},{"start":{"line":174,"column":51},"end":{"line":174,"column":76}}],"line":174},"8":{"loc":{"start":{"line":181,"column":20},"end":{"line":181,"column":82}},"type":"binary-expr","locations":[{"start":{"line":181,"column":20},"end":{"line":181,"column":49}},{"start":{"line":181,"column":53},"end":{"line":181,"column":82}}],"line":181},"9":{"loc":{"start":{"line":208,"column":20},"end":{"line":208,"column":70}},"type":"cond-expr","locations":[{"start":{"line":208,"column":41},"end":{"line":208,"column":51}},{"start":{"line":208,"column":54},"end":{"line":208,"column":70}}],"line":208},"10":{"loc":{"start":{"line":210,"column":21},"end":{"line":210,"column":60}},"type":"cond-expr","locations":[{"start":{"line":210,"column":42},"end":{"line":210,"column":51}},{"start":{"line":210,"column":54},"end":{"line":210,"column":60}}],"line":210}},"s":{"0":0,"1":0,"2":0,"3":0,"4":0,"5":0,"6":0,"7":0,"8":0,"9":0,"10":0,"11":0,"12":0,"13":0,"14":0,"15":0,"16":0,"17":0,"18":0,"19":0,"20":0,"21":0,"22":0,"23":0,"24":0,"25":0,"26":0,"27":0,"28":0,"29":0,"30":0,"31":0,"32":0,"33":0,"34":0,"35":0,"36":0,"37":0,"38":0},"f":{"0":0,"1":0,"2":0,"3":0,"4":0,"5":0,"6":0,"7":0,"8":0,"9":0,"10":0},"b":{"0":[0,0],"1":[0,0],"2":[0,0],"3":[0,0],"4":[0,0],"5":[0,0],"6":[0,0],"7":[0,0],"8":[0,0],"9":[0,0],"10":[0,0]}}
,"C:\\Repos\\expo_expense_tracker\\src\\screens\\GoalsScreen.tsx": {"path":"C:\\Repos\\expo_expense_tracker\\src\\screens\\GoalsScreen.tsx","statementMap":{"0":{"start":{"line":20,"column":21},"end":{"line":20,"column":52}},"1":{"start":{"line":21,"column":28},"end":{"line":21,"column":48}},"2":{"start":{"line":22,"column":38},"end":{"line":22,"column":53}},"3":{"start":{"line":24,"column":20},"end":{"line":31,"column":3}},"4":{"start":{"line":25,"column":4},"end":{"line":30,"column":5}},"5":{"start":{"line":26,"column":19},"end":{"line":26,"column":54}},"6":{"start":{"line":27,"column":6},"end":{"line":27,"column":31}},"7":{"start":{"line":29,"column":6},"end":{"line":29,"column":52}},"8":{"start":{"line":33,"column":2},"end":{"line":37,"column":4}},"9":{"start":{"line":35,"column":6},"end":{"line":35,"column":18}},"10":{"start":{"line":39,"column":20},"end":{"line":43,"column":3}},"11":{"start":{"line":40,"column":4},"end":{"line":40,"column":24}},"12":{"start":{"line":41,"column":4},"end":{"line":41,"column":22}},"13":{"start":{"line":42,"column":4},"end":{"line":42,"column":25}},"14":{"start":{"line":45,"column":32},"end":{"line":67,"column":3}},"15":{"start":{"line":46,"column":4},"end":{"line":66,"column":6}},"16":{"start":{"line":54,"column":27},"end":{"line":54,"column":51}},"17":{"start":{"line":55,"column":12},"end":{"line":59,"column":13}},"18":{"start":{"line":56,"column":32},"end":{"line":56,"column":59}},"19":{"start":{"line":57,"column":14},"end":{"line":57,"column":75}},"20":{"start":{"line":58,"column":14},"end":{"line":58,"column":32}},"21":{"start":{"line":69,"column":27},"end":{"line":85,"column":3}},"22":{"start":{"line":70,"column":4},"end":{"line":84,"column":6}},"23":{"start":{"line":79,"column":12},"end":{"line":79,"column":54}},"24":{"start":{"line":80,"column":12},"end":{"line":80,"column":30}},"25":{"start":{"line":87,"column":32},"end":{"line":89,"column":3}},"26":{"start":{"line":88,"column":4},"end":{"line":88,"column":73}},"27":{"start":{"line":91,"column":27},"end":{"line":97,"column":3}},"28":{"start":{"line":92,"column":18},"end":{"line":92,"column":28}},"29":{"start":{"line":93,"column":25},"end":{"line":93,"column":43}},"30":{"start":{"line":94,"column":21},"end":{"line":94,"column":61}},"31":{"start":{"line":95,"column":21},"end":{"line":95,"column":64}},"32":{"start":{"line":96,"column":4},"end":{"line":96,"column":20}},"33":{"start":{"line":99,"column":25},"end":{"line":101,"column":3}},"34":{"start":{"line":100,"column":4},"end":{"line":100,"column":35}},"35":{"start":{"line":103,"column":25},"end":{"line":158,"column":3}},"36":{"start":{"line":104,"column":21},"end":{"line":104,"column":48}},"37":{"start":{"line":105,"column":21},"end":{"line":105,"column":52}},"38":{"start":{"line":106,"column":24},"end":{"line":106,"column":63}},"39":{"start":{"line":107,"column":22},"end":{"line":107,"column":50}},"40":{"start":{"line":109,"column":4},"end":{"line":157,"column":6}},"41":{"start":{"line":118,"column":43},"end":{"line":118,"column":65}},"42":{"start":{"line":150,"column":27},"end":{"line":150,"column":54}},"43":{"start":{"line":160,"column":2},"end":{"line":192,"column":4}},"44":{"start":{"line":169,"column":32},"end":{"line":169,"column":50}},"45":{"start":{"line":187,"column":23},"end":{"line":187,"column":53}},"46":{"start":{"line":195,"column":15},"end":{"line":333,"column":2}}},"fnMap":{"0":{"name":"GoalsScreen","decl":{"start":{"line":19,"column":24},"end":{"line":19,"column":35}},"loc":{"start":{"line":19,"column":38},"end":{"line":193,"column":1}},"line":19},"1":{"name":"(anonymous_1)","decl":{"start":{"line":24,"column":20},"end":{"line":24,"column":21}},"loc":{"start":{"line":24,"column":32},"end":{"line":31,"column":3}},"line":24},"2":{"name":"(anonymous_2)","decl":{"start":{"line":34,"column":16},"end":{"line":34,"column":17}},"loc":{"start":{"line":34,"column":22},"end":{"line":36,"column":5}},"line":34},"3":{"name":"(anonymous_3)","decl":{"start":{"line":39,"column":20},"end":{"line":39,"column":21}},"loc":{"start":{"line":39,"column":32},"end":{"line":43,"column":3}},"line":39},"4":{"name":"(anonymous_4)","decl":{"start":{"line":45,"column":32},"end":{"line":45,"column":33}},"loc":{"start":{"line":45,"column":48},"end":{"line":67,"column":3}},"line":45},"5":{"name":"(anonymous_5)","decl":{"start":{"line":53,"column":19},"end":{"line":53,"column":20}},"loc":{"start":{"line":53,"column":36},"end":{"line":60,"column":11}},"line":53},"6":{"name":"(anonymous_6)","decl":{"start":{"line":69,"column":27},"end":{"line":69,"column":28}},"loc":{"start":{"line":69,"column":43},"end":{"line":85,"column":3}},"line":69},"7":{"name":"(anonymous_7)","decl":{"start":{"line":78,"column":19},"end":{"line":78,"column":20}},"loc":{"start":{"line":78,"column":31},"end":{"line":81,"column":11}},"line":78},"8":{"name":"(anonymous_8)","decl":{"start":{"line":87,"column":32},"end":{"line":87,"column":33}},"loc":{"start":{"line":87,"column":48},"end":{"line":89,"column":3}},"line":87},"9":{"name":"(anonymous_9)","decl":{"start":{"line":91,"column":27},"end":{"line":91,"column":28}},"loc":{"start":{"line":91,"column":49},"end":{"line":97,"column":3}},"line":91},"10":{"name":"(anonymous_10)","decl":{"start":{"line":99,"column":25},"end":{"line":99,"column":26}},"loc":{"start":{"line":99,"column":45},"end":{"line":101,"column":3}},"line":99},"11":{"name":"(anonymous_11)","decl":{"start":{"line":103,"column":25},"end":{"line":103,"column":26}},"loc":{"start":{"line":103,"column":55},"end":{"line":158,"column":3}},"line":103},"12":{"name":"(anonymous_12)","decl":{"start":{"line":118,"column":37},"end":{"line":118,"column":38}},"loc":{"start":{"line":118,"column":43},"end":{"line":118,"column":65}},"line":118},"13":{"name":"(anonymous_13)","decl":{"start":{"line":150,"column":21},"end":{"line":150,"column":22}},"loc":{"start":{"line":150,"column":27},"end":{"line":150,"column":54}},"line":150},"14":{"name":"(anonymous_14)","decl":{"start":{"line":169,"column":22},"end":{"line":169,"column":23}},"loc":{"start":{"line":169,"column":32},"end":{"line":169,"column":50}},"line":169},"15":{"name":"(anonymous_15)","decl":{"start":{"line":187,"column":17},"end":{"line":187,"column":18}},"loc":{"start":{"line":187,"column":23},"end":{"line":187,"column":53}},"line":187}},"branchMap":{"0":{"loc":{"start":{"line":54,"column":38},"end":{"line":54,"column":50}},"type":"binary-expr","locations":[{"start":{"line":54,"column":38},"end":{"line":54,"column":43}},{"start":{"line":54,"column":47},"end":{"line":54,"column":50}}],"line":54},"1":{"loc":{"start":{"line":55,"column":12},"end":{"line":59,"column":13}},"type":"if","locations":[{"start":{"line":55,"column":12},"end":{"line":59,"column":13}},{"start":{},"end":{}}],"line":55},"2":{"loc":{"start":{"line":107,"column":22},"end":{"line":107,"column":50}},"type":"binary-expr","locations":[{"start":{"line":107,"column":22},"end":{"line":107,"column":34}},{"start":{"line":107,"column":38},"end":{"line":107,"column":50}}],"line":107},"3":{"loc":{"start":{"line":114,"column":13},"end":{"line":116,"column":13}},"type":"binary-expr","locations":[{"start":{"line":114,"column":13},"end":{"line":114,"column":24}},{"start":{"line":115,"column":14},"end":{"line":115,"column":76}}],"line":114},"4":{"loc":{"start":{"line":136,"column":12},"end":{"line":136,"column":43}},"type":"binary-expr","locations":[{"start":{"line":136,"column":12},"end":{"line":136,"column":21}},{"start":{"line":136,"column":25},"end":{"line":136,"column":43}}],"line":136},"5":{"loc":{"start":{"line":138,"column":13},"end":{"line":142,"column":39}},"type":"cond-expr","locations":[{"start":{"line":139,"column":16},"end":{"line":139,"column":52}},{"start":{"line":140,"column":16},"end":{"line":142,"column":39}}],"line":138},"6":{"loc":{"start":{"line":140,"column":16},"end":{"line":142,"column":39}},"type":"cond-expr","locations":[{"start":{"line":141,"column":16},"end":{"line":141,"column":33}},{"start":{"line":142,"column":16},"end":{"line":142,"column":39}}],"line":140},"7":{"loc":{"start":{"line":147,"column":9},"end":{"line":155,"column":9}},"type":"binary-expr","locations":[{"start":{"line":147,"column":9},"end":{"line":147,"column":21}},{"start":{"line":148,"column":10},"end":{"line":154,"column":29}}],"line":147}},"s":{"0":0,"1":0,"2":0,"3":0,"4":0,"5":0,"6":0,"7":0,"8":0,"9":0,"10":0,"11":0,"12":0,"13":0,"14":0,"15":0,"16":0,"17":0,"18":0,"19":0,"20":0,"21":0,"22":0,"23":0,"24":0,"25":0,"26":0,"27":0,"28":0,"29":0,"30":0,"31":0,"32":0,"33":0,"34":0,"35":0,"36":0,"37":0,"38":0,"39":0,"40":0,"41":0,"42":0,"43":0,"44":0,"45":0,"46":0},"f":{"0":0,"1":0,"2":0,"3":0,"4":0,"5":0,"6":0,"7":0,"8":0,"9":0,"10":0,"11":0,"12":0,"13":0,"14":0,"15":0},"b":{"0":[0,0],"1":[0,0],"2":[0,0],"3":[0,0],"4":[0,0],"5":[0,0],"6":[0,0],"7":[0,0]}}
,"C:\\Repos\\expo_expense_tracker\\src\\screens\\LineItemsScreen.tsx": {"path":"C:\\Repos\\expo_expense_tracker\\src\\screens\\LineItemsScreen.tsx","statementMap":{"0":{"start":{"line":25,"column":28},"end":{"line":25,"column":40}},"1":{"start":{"line":26,"column":40},"end":{"line":26,"column":74}},"2":{"start":{"line":27,"column":36},"end":{"line":27,"column":60}},"3":{"start":{"line":28,"column":46},"end":{"line":28,"column":61}},"4":{"start":{"line":29,"column":40},"end":{"line":29,"column":71}},"5":{"start":{"line":30,"column":34},"end":{"line":34,"column":4}},"6":{"start":{"line":36,"column":2},"end":{"line":38,"column":9}},"7":{"start":{"line":37,"column":4},"end":{"line":37,"column":15}},"8":{"start":{"line":40,"column":19},"end":{"line":50,"column":3}},"9":{"start":{"line":41,"column":4},"end":{"line":49,"column":5}},"10":{"start":{"line":42,"column":20},"end":{"line":42,"column":75}},"11":{"start":{"line":43,"column":20},"end":{"line":43,"column":82}},"12":{"start":{"line":44,"column":6},"end":{"line":44,"column":28}},"13":{"start":{"line":45,"column":6},"end":{"line":45,"column":26}},"14":{"start":{"line":47,"column":6},"end":{"line":47,"column":50}},"15":{"start":{"line":48,"column":6},"end":{"line":48,"column":56}},"16":{"start":{"line":52,"column":23},"end":{"line":56,"column":3}},"17":{"start":{"line":53,"column":4},"end":{"line":53,"column":25}},"18":{"start":{"line":54,"column":4},"end":{"line":54,"column":61}},"19":{"start":{"line":55,"column":4},"end":{"line":55,"column":28}},"20":{"start":{"line":58,"column":24},"end":{"line":66,"column":3}},"21":{"start":{"line":59,"column":4},"end":{"line":59,"column":25}},"22":{"start":{"line":60,"column":4},"end":{"line":64,"column":7}},"23":{"start":{"line":65,"column":4},"end":{"line":65,"column":28}},"24":{"start":{"line":68,"column":21},"end":{"line":103,"column":3}},"25":{"start":{"line":69,"column":4},"end":{"line":72,"column":5}},"26":{"start":{"line":70,"column":6},"end":{"line":70,"column":53}},"27":{"start":{"line":71,"column":6},"end":{"line":71,"column":13}},"28":{"start":{"line":74,"column":21},"end":{"line":74,"column":55}},"29":{"start":{"line":75,"column":22},"end":{"line":75,"column":57}},"30":{"start":{"line":76,"column":23},"end":{"line":76,"column":43}},"31":{"start":{"line":78,"column":4},"end":{"line":102,"column":5}},"32":{"start":{"line":79,"column":6},"end":{"line":95,"column":7}},"33":{"start":{"line":80,"column":8},"end":{"line":86,"column":11}},"34":{"start":{"line":88,"column":8},"end":{"line":94,"column":11}},"35":{"start":{"line":97,"column":6},"end":{"line":97,"column":31}},"36":{"start":{"line":98,"column":6},"end":{"line":98,"column":17}},"37":{"start":{"line":100,"column":6},"end":{"line":100,"column":54}},"38":{"start":{"line":101,"column":6},"end":{"line":101,"column":55}},"39":{"start":{"line":105,"column":23},"end":{"line":128,"column":3}},"40":{"start":{"line":106,"column":4},"end":{"line":127,"column":6}},"41":{"start":{"line":115,"column":12},"end":{"line":123,"column":13}},"42":{"start":{"line":116,"column":14},"end":{"line":119,"column":15}},"43":{"start":{"line":117,"column":16},"end":{"line":117,"column":62}},"44":{"start":{"line":118,"column":16},"end":{"line":118,"column":27}},"45":{"start":{"line":121,"column":14},"end":{"line":121,"column":64}},"46":{"start":{"line":122,"column":14},"end":{"line":122,"column":65}},"47":{"start":{"line":130,"column":25},"end":{"line":132,"column":3}},"48":{"start":{"line":131,"column":4},"end":{"line":131,"column":69}},"49":{"start":{"line":131,"column":43},"end":{"line":131,"column":64}},"50":{"start":{"line":134,"column":21},"end":{"line":153,"column":3}},"51":{"start":{"line":135,"column":4},"end":{"line":152,"column":11}},"52":{"start":{"line":139,"column":43},"end":{"line":139,"column":62}},"53":{"start":{"line":142,"column":43},"end":{"line":142,"column":61}},"54":{"start":{"line":155,"column":2},"end":{"line":245,"column":4}},"55":{"start":{"line":177,"column":32},"end":{"line":177,"column":51}},"56":{"start":{"line":196,"column":30},"end":{"line":196,"column":54}},"57":{"start":{"line":204,"column":47},"end":{"line":204,"column":71}},"58":{"start":{"line":213,"column":38},"end":{"line":213,"column":78}},"59":{"start":{"line":221,"column":38},"end":{"line":221,"column":82}},"60":{"start":{"line":229,"column":38},"end":{"line":229,"column":83}},"61":{"start":{"line":248,"column":15},"end":{"line":423,"column":2}}},"fnMap":{"0":{"name":"LineItemsScreen","decl":{"start":{"line":24,"column":24},"end":{"line":24,"column":39}},"loc":{"start":{"line":24,"column":70},"end":{"line":246,"column":1}},"line":24},"1":{"name":"(anonymous_1)","decl":{"start":{"line":36,"column":12},"end":{"line":36,"column":13}},"loc":{"start":{"line":36,"column":18},"end":{"line":38,"column":3}},"line":36},"2":{"name":"(anonymous_2)","decl":{"start":{"line":40,"column":19},"end":{"line":40,"column":20}},"loc":{"start":{"line":40,"column":31},"end":{"line":50,"column":3}},"line":40},"3":{"name":"(anonymous_3)","decl":{"start":{"line":52,"column":23},"end":{"line":52,"column":24}},"loc":{"start":{"line":52,"column":29},"end":{"line":56,"column":3}},"line":52},"4":{"name":"(anonymous_4)","decl":{"start":{"line":58,"column":24},"end":{"line":58,"column":25}},"loc":{"start":{"line":58,"column":44},"end":{"line":66,"column":3}},"line":58},"5":{"name":"(anonymous_5)","decl":{"start":{"line":68,"column":21},"end":{"line":68,"column":22}},"loc":{"start":{"line":68,"column":33},"end":{"line":103,"column":3}},"line":68},"6":{"name":"(anonymous_6)","decl":{"start":{"line":105,"column":23},"end":{"line":105,"column":24}},"loc":{"start":{"line":105,"column":43},"end":{"line":128,"column":3}},"line":105},"7":{"name":"(anonymous_7)","decl":{"start":{"line":114,"column":19},"end":{"line":114,"column":20}},"loc":{"start":{"line":114,"column":31},"end":{"line":124,"column":11}},"line":114},"8":{"name":"(anonymous_8)","decl":{"start":{"line":130,"column":25},"end":{"line":130,"column":26}},"loc":{"start":{"line":130,"column":31},"end":{"line":132,"column":3}},"line":130},"9":{"name":"(anonymous_9)","decl":{"start":{"line":131,"column":28},"end":{"line":131,"column":29}},"loc":{"start":{"line":131,"column":43},"end":{"line":131,"column":64}},"line":131},"10":{"name":"(anonymous_10)","decl":{"start":{"line":134,"column":21},"end":{"line":134,"column":22}},"loc":{"start":{"line":135,"column":4},"end":{"line":152,"column":11}},"line":135},"11":{"name":"(anonymous_11)","decl":{"start":{"line":139,"column":37},"end":{"line":139,"column":38}},"loc":{"start":{"line":139,"column":43},"end":{"line":139,"column":62}},"line":139},"12":{"name":"(anonymous_12)","decl":{"start":{"line":142,"column":37},"end":{"line":142,"column":38}},"loc":{"start":{"line":142,"column":43},"end":{"line":142,"column":61}},"line":142},"13":{"name":"(anonymous_13)","decl":{"start":{"line":177,"column":22},"end":{"line":177,"column":23}},"loc":{"start":{"line":177,"column":32},"end":{"line":177,"column":51}},"line":177},"14":{"name":"(anonymous_14)","decl":{"start":{"line":196,"column":24},"end":{"line":196,"column":25}},"loc":{"start":{"line":196,"column":30},"end":{"line":196,"column":54}},"line":196},"15":{"name":"(anonymous_15)","decl":{"start":{"line":204,"column":41},"end":{"line":204,"column":42}},"loc":{"start":{"line":204,"column":47},"end":{"line":204,"column":71}},"line":204},"16":{"name":"(anonymous_16)","decl":{"start":{"line":213,"column":28},"end":{"line":213,"column":29}},"loc":{"start":{"line":213,"column":38},"end":{"line":213,"column":78}},"line":213},"17":{"name":"(anonymous_17)","decl":{"start":{"line":221,"column":28},"end":{"line":221,"column":29}},"loc":{"start":{"line":221,"column":38},"end":{"line":221,"column":82}},"line":221},"18":{"name":"(anonymous_18)","decl":{"start":{"line":229,"column":28},"end":{"line":229,"column":29}},"loc":{"start":{"line":229,"column":38},"end":{"line":229,"column":83}},"line":229}},"branchMap":{"0":{"loc":{"start":{"line":69,"column":4},"end":{"line":72,"column":5}},"type":"if","locations":[{"start":{"line":69,"column":4},"end":{"line":72,"column":5}},{"start":{},"end":{}}],"line":69},"1":{"loc":{"start":{"line":74,"column":21},"end":{"line":74,"column":55}},"type":"binary-expr","locations":[{"start":{"line":74,"column":21},"end":{"line":74,"column":50}},{"start":{"line":74,"column":54},"end":{"line":74,"column":55}}],"line":74},"2":{"loc":{"start":{"line":75,"column":22},"end":{"line":75,"column":57}},"type":"binary-expr","locations":[{"start":{"line":75,"column":22},"end":{"line":75,"column":52}},{"start":{"line":75,"column":56},"end":{"line":75,"column":57}}],"line":75},"3":{"loc":{"start":{"line":79,"column":6},"end":{"line":95,"column":7}},"type":"if","locations":[{"start":{"line":79,"column":6},"end":{"line":95,"column":7}},{"start":{"line":87,"column":13},"end":{"line":95,"column":7}}],"line":79},"4":{"loc":{"start":{"line":79,"column":10},"end":{"line":79,"column":39}},"type":"binary-expr","locations":[{"start":{"line":79,"column":10},"end":{"line":79,"column":21}},{"start":{"line":79,"column":25},"end":{"line":79,"column":39}}],"line":79},"5":{"loc":{"start":{"line":116,"column":14},"end":{"line":119,"column":15}},"type":"if","locations":[{"start":{"line":116,"column":14},"end":{"line":119,"column":15}},{"start":{},"end":{}}],"line":116},"6":{"loc":{"start":{"line":157,"column":7},"end":{"line":162,"column":7}},"type":"binary-expr","locations":[{"start":{"line":157,"column":7},"end":{"line":157,"column":18}},{"start":{"line":158,"column":8},"end":{"line":161,"column":15}}],"line":157},"7":{"loc":{"start":{"line":159,"column":45},"end":{"line":159,"column":92}},"type":"binary-expr","locations":[{"start":{"line":159,"column":45},"end":{"line":159,"column":65}},{"start":{"line":159,"column":69},"end":{"line":159,"column":92}}],"line":159},"8":{"loc":{"start":{"line":167,"column":9},"end":{"line":171,"column":9}},"type":"binary-expr","locations":[{"start":{"line":167,"column":9},"end":{"line":167,"column":29}},{"start":{"line":167,"column":33},"end":{"line":167,"column":95}},{"start":{"line":168,"column":10},"end":{"line":170,"column":17}}],"line":167},"9":{"loc":{"start":{"line":167,"column":62},"end":{"line":167,"column":86}},"type":"binary-expr","locations":[{"start":{"line":167,"column":62},"end":{"line":167,"column":81}},{"start":{"line":167,"column":85},"end":{"line":167,"column":86}}],"line":167},"10":{"loc":{"start":{"line":202,"column":17},"end":{"line":202,"column":55}},"type":"cond-expr","locations":[{"start":{"line":202,"column":31},"end":{"line":202,"column":42}},{"start":{"line":202,"column":45},"end":{"line":202,"column":55}}],"line":202},"11":{"loc":{"start":{"line":234,"column":37},"end":{"line":234,"column":61}},"type":"binary-expr","locations":[{"start":{"line":234,"column":37},"end":{"line":234,"column":54}},{"start":{"line":234,"column":58},"end":{"line":234,"column":61}}],"line":234},"12":{"loc":{"start":{"line":234,"column":76},"end":{"line":234,"column":101}},"type":"binary-expr","locations":[{"start":{"line":234,"column":76},"end":{"line":234,"column":94}},{"start":{"line":234,"column":98},"end":{"line":234,"column":101}}],"line":234}},"s":{"0":0,"1":0,"2":0,"3":0,"4":0,"5":0,"6":0,"7":0,"8":0,"9":0,"10":0,"11":0,"12":0,"13":0,"14":0,"15":0,"16":0,"17":0,"18":0,"19":0,"20":0,"21":0,"22":0,"23":0,"24":0,"25":0,"26":0,"27":0,"28":0,"29":0,"30":0,"31":0,"32":0,"33":0,"34":0,"35":0,"36":0,"37":0,"38":0,"39":0,"40":0,"41":0,"42":0,"43":0,"44":0,"45":0,"46":0,"47":0,"48":0,"49":0,"50":0,"51":0,"52":0,"53":0,"54":0,"55":0,"56":0,"57":0,"58":0,"59":0,"60":0,"61":0},"f":{"0":0,"1":0,"2":0,"3":0,"4":0,"5":0,"6":0,"7":0,"8":0,"9":0,"10":0,"11":0,"12":0,"13":0,"14":0,"15":0,"16":0,"17":0,"18":0},"b":{"0":[0,0],"1":[0,0],"2":[0,0],"3":[0,0],"4":[0,0],"5":[0,0],"6":[0,0],"7":[0,0],"8":[0,0,0],"9":[0,0],"10":[0,0],"11":[0,0],"12":[0,0]}}
,"C:\\Repos\\expo_expense_tracker\\src\\screens\\ReportsScreen.tsx": {"path":"C:\\Repos\\expo_expense_tracker\\src\\screens\\ReportsScreen.tsx","statementMap":{"0":{"start":{"line":31,"column":20},"end":{"line":31,"column":50}},"1":{"start":{"line":34,"column":24},"end":{"line":37,"column":1}},"2":{"start":{"line":40,"column":21},"end":{"line":40,"column":52}},"3":{"start":{"line":41,"column":30},"end":{"line":41,"column":57}},"4":{"start":{"line":42,"column":36},"end":{"line":42,"column":62}},"5":{"start":{"line":43,"column":50},"end":{"line":43,"column":79}},"6":{"start":{"line":44,"column":32},"end":{"line":50,"column":4}},"7":{"start":{"line":52,"column":19},"end":{"line":84,"column":3}},"8":{"start":{"line":53,"column":35},"end":{"line":53,"column":55}},"9":{"start":{"line":54,"column":28},"end":{"line":57,"column":5}},"10":{"start":{"line":60,"column":25},"end":{"line":60,"column":77}},"11":{"start":{"line":60,"column":55},"end":{"line":60,"column":76}},"12":{"start":{"line":62,"column":19},"end":{"line":64,"column":44}},"13":{"start":{"line":63,"column":21},"end":{"line":63,"column":40}},"14":{"start":{"line":64,"column":26},"end":{"line":64,"column":40}},"15":{"start":{"line":66,"column":21},"end":{"line":68,"column":44}},"16":{"start":{"line":67,"column":21},"end":{"line":67,"column":41}},"17":{"start":{"line":68,"column":26},"end":{"line":68,"column":40}},"18":{"start":{"line":70,"column":62},"end":{"line":70,"column":64}},"19":{"start":{"line":71,"column":4},"end":{"line":75,"column":9}},"20":{"start":{"line":72,"column":21},"end":{"line":72,"column":41}},"21":{"start":{"line":74,"column":8},"end":{"line":74,"column":88}},"22":{"start":{"line":77,"column":4},"end":{"line":83,"column":7}},"23":{"start":{"line":86,"column":2},"end":{"line":90,"column":4}},"24":{"start":{"line":88,"column":6},"end":{"line":88,"column":17}},"25":{"start":{"line":92,"column":23},"end":{"line":115,"column":3}},"26":{"start":{"line":93,"column":16},"end":{"line":93,"column":26}},"27":{"start":{"line":94,"column":20},"end":{"line":94,"column":30}},"28":{"start":{"line":96,"column":4},"end":{"line":109,"column":5}},"29":{"start":{"line":98,"column":8},"end":{"line":98,"column":39}},"30":{"start":{"line":99,"column":8},"end":{"line":99,"column":14}},"31":{"start":{"line":101,"column":8},"end":{"line":101,"column":45}},"32":{"start":{"line":102,"column":8},"end":{"line":102,"column":14}},"33":{"start":{"line":104,"column":8},"end":{"line":104,"column":47}},"34":{"start":{"line":105,"column":8},"end":{"line":105,"column":14}},"35":{"start":{"line":107,"column":8},"end":{"line":107,"column":53}},"36":{"start":{"line":108,"column":8},"end":{"line":108,"column":14}},"37":{"start":{"line":111,"column":4},"end":{"line":114,"column":6}},"38":{"start":{"line":117,"column":25},"end":{"line":119,"column":3}},"39":{"start":{"line":118,"column":4},"end":{"line":118,"column":45}},"40":{"start":{"line":121,"column":21},"end":{"line":124,"column":3}},"41":{"start":{"line":122,"column":17},"end":{"line":122,"column":37}},"42":{"start":{"line":123,"column":4},"end":{"line":123,"column":97}},"43":{"start":{"line":126,"column":32},"end":{"line":129,"column":3}},"44":{"start":{"line":127,"column":4},"end":{"line":127,"column":41}},"45":{"start":{"line":127,"column":32},"end":{"line":127,"column":41}},"46":{"start":{"line":128,"column":4},"end":{"line":128,"column":45}},"47":{"start":{"line":131,"column":38},"end":{"line":133,"column":3}},"48":{"start":{"line":132,"column":4},"end":{"line":132,"column":52}},"49":{"start":{"line":135,"column":27},"end":{"line":137,"column":3}},"50":{"start":{"line":136,"column":22},"end":{"line":136,"column":27}},"51":{"start":{"line":140,"column":31},"end":{"line":144,"column":62}},"52":{"start":{"line":142,"column":15},"end":{"line":142,"column":70}},"53":{"start":{"line":144,"column":41},"end":{"line":144,"column":61}},"54":{"start":{"line":147,"column":23},"end":{"line":153,"column":5}},"55":{"start":{"line":147,"column":76},"end":{"line":153,"column":3}},"56":{"start":{"line":156,"column":23},"end":{"line":163,"column":3}},"57":{"start":{"line":157,"column":56},"end":{"line":157,"column":75}},"58":{"start":{"line":160,"column":63},"end":{"line":160,"column":69}},"59":{"start":{"line":165,"column":30},"end":{"line":171,"column":3}},"60":{"start":{"line":166,"column":4},"end":{"line":170,"column":5}},"61":{"start":{"line":167,"column":6},"end":{"line":167,"column":32}},"62":{"start":{"line":169,"column":6},"end":{"line":169,"column":36}},"63":{"start":{"line":173,"column":28},"end":{"line":184,"column":3}},"64":{"start":{"line":174,"column":4},"end":{"line":183,"column":23}},"65":{"start":{"line":176,"column":21},"end":{"line":176,"column":82}},"66":{"start":{"line":186,"column":2},"end":{"line":458,"column":4}},"67":{"start":{"line":200,"column":10},"end":{"line":213,"column":29}},"68":{"start":{"line":203,"column":27},"end":{"line":203,"column":39}},"69":{"start":{"line":253,"column":29},"end":{"line":253,"column":48}},"70":{"start":{"line":262,"column":29},"end":{"line":262,"column":48}},"71":{"start":{"line":271,"column":29},"end":{"line":271,"column":49}},"72":{"start":{"line":290,"column":44},"end":{"line":290,"column":71}},"73":{"start":{"line":317,"column":44},"end":{"line":317,"column":75}},"74":{"start":{"line":318,"column":49},"end":{"line":318,"column":76}},"75":{"start":{"line":339,"column":16},"end":{"line":380,"column":35}},"76":{"start":{"line":345,"column":33},"end":{"line":345,"column":62}},"77":{"start":{"line":392,"column":49},"end":{"line":392,"column":74}},"78":{"start":{"line":400,"column":40},"end":{"line":400,"column":58}},"79":{"start":{"line":420,"column":25},"end":{"line":420,"column":77}},"80":{"start":{"line":434,"column":45},"end":{"line":434,"column":70}},"81":{"start":{"line":442,"column":36},"end":{"line":442,"column":54}},"82":{"start":{"line":461,"column":15},"end":{"line":793,"column":2}}},"fnMap":{"0":{"name":"ReportsScreen","decl":{"start":{"line":39,"column":24},"end":{"line":39,"column":37}},"loc":{"start":{"line":39,"column":40},"end":{"line":459,"column":1}},"line":39},"1":{"name":"(anonymous_1)","decl":{"start":{"line":52,"column":19},"end":{"line":52,"column":20}},"loc":{"start":{"line":52,"column":31},"end":{"line":84,"column":3}},"line":52},"2":{"name":"(anonymous_2)","decl":{"start":{"line":60,"column":48},"end":{"line":60,"column":49}},"loc":{"start":{"line":60,"column":55},"end":{"line":60,"column":76}},"line":60},"3":{"name":"(anonymous_3)","decl":{"start":{"line":63,"column":14},"end":{"line":63,"column":15}},"loc":{"start":{"line":63,"column":21},"end":{"line":63,"column":40}},"line":63},"4":{"name":"(anonymous_4)","decl":{"start":{"line":64,"column":14},"end":{"line":64,"column":15}},"loc":{"start":{"line":64,"column":26},"end":{"line":64,"column":40}},"line":64},"5":{"name":"(anonymous_5)","decl":{"start":{"line":67,"column":14},"end":{"line":67,"column":15}},"loc":{"start":{"line":67,"column":21},"end":{"line":67,"column":41}},"line":67},"6":{"name":"(anonymous_6)","decl":{"start":{"line":68,"column":14},"end":{"line":68,"column":15}},"loc":{"start":{"line":68,"column":26},"end":{"line":68,"column":40}},"line":68},"7":{"name":"(anonymous_7)","decl":{"start":{"line":72,"column":14},"end":{"line":72,"column":15}},"loc":{"start":{"line":72,"column":21},"end":{"line":72,"column":41}},"line":72},"8":{"name":"(anonymous_8)","decl":{"start":{"line":73,"column":15},"end":{"line":73,"column":16}},"loc":{"start":{"line":73,"column":22},"end":{"line":75,"column":7}},"line":73},"9":{"name":"(anonymous_9)","decl":{"start":{"line":87,"column":16},"end":{"line":87,"column":17}},"loc":{"start":{"line":87,"column":22},"end":{"line":89,"column":5}},"line":87},"10":{"name":"(anonymous_10)","decl":{"start":{"line":92,"column":23},"end":{"line":92,"column":24}},"loc":{"start":{"line":92,"column":43},"end":{"line":115,"column":3}},"line":92},"11":{"name":"(anonymous_11)","decl":{"start":{"line":117,"column":25},"end":{"line":117,"column":26}},"loc":{"start":{"line":117,"column":45},"end":{"line":119,"column":3}},"line":117},"12":{"name":"(anonymous_12)","decl":{"start":{"line":121,"column":21},"end":{"line":121,"column":22}},"loc":{"start":{"line":121,"column":45},"end":{"line":124,"column":3}},"line":121},"13":{"name":"(anonymous_13)","decl":{"start":{"line":126,"column":32},"end":{"line":126,"column":33}},"loc":{"start":{"line":126,"column":52},"end":{"line":129,"column":3}},"line":126},"14":{"name":"(anonymous_14)","decl":{"start":{"line":131,"column":38},"end":{"line":131,"column":39}},"loc":{"start":{"line":131,"column":58},"end":{"line":133,"column":3}},"line":131},"15":{"name":"(anonymous_15)","decl":{"start":{"line":136,"column":4},"end":{"line":136,"column":5}},"loc":{"start":{"line":136,"column":22},"end":{"line":136,"column":27}},"line":136},"16":{"name":"(anonymous_16)","decl":{"start":{"line":142,"column":8},"end":{"line":142,"column":9}},"loc":{"start":{"line":142,"column":15},"end":{"line":142,"column":70}},"line":142},"17":{"name":"(anonymous_17)","decl":{"start":{"line":144,"column":34},"end":{"line":144,"column":35}},"loc":{"start":{"line":144,"column":41},"end":{"line":144,"column":61}},"line":144},"18":{"name":"(anonymous_18)","decl":{"start":{"line":147,"column":44},"end":{"line":147,"column":45}},"loc":{"start":{"line":147,"column":76},"end":{"line":153,"column":3}},"line":147},"19":{"name":"(anonymous_19)","decl":{"start":{"line":157,"column":45},"end":{"line":157,"column":46}},"loc":{"start":{"line":157,"column":56},"end":{"line":157,"column":75}},"line":157},"20":{"name":"(anonymous_20)","decl":{"start":{"line":160,"column":47},"end":{"line":160,"column":48}},"loc":{"start":{"line":160,"column":63},"end":{"line":160,"column":69}},"line":160},"21":{"name":"(anonymous_21)","decl":{"start":{"line":165,"column":30},"end":{"line":165,"column":31}},"loc":{"start":{"line":165,"column":52},"end":{"line":171,"column":3}},"line":165},"22":{"name":"(anonymous_22)","decl":{"start":{"line":173,"column":28},"end":{"line":173,"column":29}},"loc":{"start":{"line":174,"column":4},"end":{"line":183,"column":23}},"line":174},"23":{"name":"(anonymous_23)","decl":{"start":{"line":176,"column":15},"end":{"line":176,"column":16}},"loc":{"start":{"line":176,"column":21},"end":{"line":176,"column":82}},"line":176},"24":{"name":"(anonymous_24)","decl":{"start":{"line":199,"column":68},"end":{"line":199,"column":69}},"loc":{"start":{"line":200,"column":10},"end":{"line":213,"column":29}},"line":200},"25":{"name":"(anonymous_25)","decl":{"start":{"line":203,"column":21},"end":{"line":203,"column":22}},"loc":{"start":{"line":203,"column":27},"end":{"line":203,"column":39}},"line":203},"26":{"name":"(anonymous_26)","decl":{"start":{"line":253,"column":23},"end":{"line":253,"column":24}},"loc":{"start":{"line":253,"column":29},"end":{"line":253,"column":48}},"line":253},"27":{"name":"(anonymous_27)","decl":{"start":{"line":262,"column":23},"end":{"line":262,"column":24}},"loc":{"start":{"line":262,"column":29},"end":{"line":262,"column":48}},"line":262},"28":{"name":"(anonymous_28)","decl":{"start":{"line":271,"column":23},"end":{"line":271,"column":24}},"loc":{"start":{"line":271,"column":29},"end":{"line":271,"column":49}},"line":271},"29":{"name":"(anonymous_29)","decl":{"start":{"line":290,"column":27},"end":{"line":290,"column":28}},"loc":{"start":{"line":290,"column":44},"end":{"line":290,"column":71}},"line":290},"30":{"name":"(anonymous_30)","decl":{"start":{"line":317,"column":27},"end":{"line":317,"column":28}},"loc":{"start":{"line":317,"column":44},"end":{"line":317,"column":75}},"line":317},"31":{"name":"(anonymous_31)","decl":{"start":{"line":318,"column":32},"end":{"line":318,"column":33}},"loc":{"start":{"line":318,"column":49},"end":{"line":318,"column":76}},"line":318},"32":{"name":"(anonymous_32)","decl":{"start":{"line":338,"column":36},"end":{"line":338,"column":37}},"loc":{"start":{"line":339,"column":16},"end":{"line":380,"column":35}},"line":339},"33":{"name":"(anonymous_33)","decl":{"start":{"line":345,"column":27},"end":{"line":345,"column":28}},"loc":{"start":{"line":345,"column":33},"end":{"line":345,"column":62}},"line":345},"34":{"name":"(anonymous_34)","decl":{"start":{"line":392,"column":43},"end":{"line":392,"column":44}},"loc":{"start":{"line":392,"column":49},"end":{"line":392,"column":74}},"line":392},"35":{"name":"(anonymous_35)","decl":{"start":{"line":400,"column":30},"end":{"line":400,"column":31}},"loc":{"start":{"line":400,"column":40},"end":{"line":400,"column":58}},"line":400},"36":{"name":"(anonymous_36)","decl":{"start":{"line":420,"column":19},"end":{"line":420,"column":20}},"loc":{"start":{"line":420,"column":25},"end":{"line":420,"column":77}},"line":420},"37":{"name":"(anonymous_37)","decl":{"start":{"line":434,"column":39},"end":{"line":434,"column":40}},"loc":{"start":{"line":434,"column":45},"end":{"line":434,"column":70}},"line":434},"38":{"name":"(anonymous_38)","decl":{"start":{"line":442,"column":26},"end":{"line":442,"column":27}},"loc":{"start":{"line":442,"column":36},"end":{"line":442,"column":54}},"line":442}},"branchMap":{"0":{"loc":{"start":{"line":74,"column":41},"end":{"line":74,"column":75}},"type":"binary-expr","locations":[{"start":{"line":74,"column":41},"end":{"line":74,"column":70}},{"start":{"line":74,"column":74},"end":{"line":74,"column":75}}],"line":74},"1":{"loc":{"start":{"line":96,"column":4},"end":{"line":109,"column":5}},"type":"switch","locations":[{"start":{"line":97,"column":6},"end":{"line":99,"column":14}},{"start":{"line":100,"column":6},"end":{"line":102,"column":14}},{"start":{"line":103,"column":6},"end":{"line":105,"column":14}},{"start":{"line":106,"column":6},"end":{"line":108,"column":14}}],"line":96},"2":{"loc":{"start":{"line":127,"column":4},"end":{"line":127,"column":41}},"type":"if","locations":[{"start":{"line":127,"column":4},"end":{"line":127,"column":41}},{"start":{},"end":{}}],"line":127},"3":{"loc":{"start":{"line":140,"column":31},"end":{"line":144,"column":62}},"type":"cond-expr","locations":[{"start":{"line":141,"column":6},"end":{"line":143,"column":7}},{"start":{"line":144,"column":6},"end":{"line":144,"column":62}}],"line":140},"4":{"loc":{"start":{"line":142,"column":15},"end":{"line":142,"column":70}},"type":"binary-expr","locations":[{"start":{"line":142,"column":15},"end":{"line":142,"column":46}},{"start":{"line":142,"column":50},"end":{"line":142,"column":70}}],"line":142},"5":{"loc":{"start":{"line":166,"column":4},"end":{"line":170,"column":5}},"type":"if","locations":[{"start":{"line":166,"column":4},"end":{"line":170,"column":5}},{"start":{"line":168,"column":11},"end":{"line":170,"column":5}}],"line":166},"6":{"loc":{"start":{"line":202,"column":41},"end":{"line":202,"column":82}},"type":"binary-expr","locations":[{"start":{"line":202,"column":41},"end":{"line":202,"column":53}},{"start":{"line":202,"column":57},"end":{"line":202,"column":82}}],"line":202},"7":{"loc":{"start":{"line":208,"column":16},"end":{"line":208,"column":61}},"type":"binary-expr","locations":[{"start":{"line":208,"column":16},"end":{"line":208,"column":28}},{"start":{"line":208,"column":32},"end":{"line":208,"column":61}}],"line":208},"8":{"loc":{"start":{"line":224,"column":23},"end":{"line":224,"column":65}},"type":"cond-expr","locations":[{"start":{"line":224,"column":44},"end":{"line":224,"column":53}},{"start":{"line":224,"column":56},"end":{"line":224,"column":65}}],"line":224},"9":{"loc":{"start":{"line":227,"column":13},"end":{"line":227,"column":42}},"type":"cond-expr","locations":[{"start":{"line":227,"column":34},"end":{"line":227,"column":37}},{"start":{"line":227,"column":40},"end":{"line":227,"column":42}}],"line":227},"10":{"loc":{"start":{"line":248,"column":7},"end":{"line":409,"column":7}},"type":"binary-expr","locations":[{"start":{"line":248,"column":7},"end":{"line":248,"column":34}},{"start":{"line":249,"column":8},"end":{"line":408,"column":11}}],"line":248},"11":{"loc":{"start":{"line":252,"column":42},"end":{"line":252,"column":89}},"type":"binary-expr","locations":[{"start":{"line":252,"column":42},"end":{"line":252,"column":61}},{"start":{"line":252,"column":65},"end":{"line":252,"column":89}}],"line":252},"12":{"loc":{"start":{"line":255,"column":58},"end":{"line":255,"column":95}},"type":"cond-expr","locations":[{"start":{"line":255,"column":80},"end":{"line":255,"column":86}},{"start":{"line":255,"column":89},"end":{"line":255,"column":95}}],"line":255},"13":{"loc":{"start":{"line":256,"column":52},"end":{"line":256,"column":103}},"type":"binary-expr","locations":[{"start":{"line":256,"column":52},"end":{"line":256,"column":71}},{"start":{"line":256,"column":75},"end":{"line":256,"column":103}}],"line":256},"14":{"loc":{"start":{"line":261,"column":42},"end":{"line":261,"column":89}},"type":"binary-expr","locations":[{"start":{"line":261,"column":42},"end":{"line":261,"column":61}},{"start":{"line":261,"column":65},"end":{"line":261,"column":89}}],"line":261},"15":{"loc":{"start":{"line":264,"column":58},"end":{"line":264,"column":95}},"type":"cond-expr","locations":[{"start":{"line":264,"column":80},"end":{"line":264,"column":86}},{"start":{"line":264,"column":89},"end":{"line":264,"column":95}}],"line":264},"16":{"loc":{"start":{"line":265,"column":52},"end":{"line":265,"column":103}},"type":"binary-expr","locations":[{"start":{"line":265,"column":52},"end":{"line":265,"column":71}},{"start":{"line":265,"column":75},"end":{"line":265,"column":103}}],"line":265},"17":{"loc":{"start":{"line":270,"column":42},"end":{"line":270,"column":90}},"type":"binary-expr","locations":[{"start":{"line":270,"column":42},"end":{"line":270,"column":62}},{"start":{"line":270,"column":66},"end":{"line":270,"column":90}}],"line":270},"18":{"loc":{"start":{"line":273,"column":53},"end":{"line":273,"column":91}},"type":"cond-expr","locations":[{"start":{"line":273,"column":76},"end":{"line":273,"column":82}},{"start":{"line":273,"column":85},"end":{"line":273,"column":91}}],"line":273},"19":{"loc":{"start":{"line":274,"column":52},"end":{"line":274,"column":104}},"type":"binary-expr","locations":[{"start":{"line":274,"column":52},"end":{"line":274,"column":72}},{"start":{"line":274,"column":76},"end":{"line":274,"column":104}}],"line":274},"20":{"loc":{"start":{"line":281,"column":11},"end":{"line":299,"column":11}},"type":"binary-expr","locations":[{"start":{"line":281,"column":11},"end":{"line":281,"column":30}},{"start":{"line":282,"column":12},"end":{"line":298,"column":19}}],"line":281},"21":{"loc":{"start":{"line":290,"column":28},"end":{"line":290,"column":39}},"type":"default-arg","locations":[{"start":{"line":290,"column":38},"end":{"line":290,"column":39}}],"line":290},"22":{"loc":{"start":{"line":302,"column":11},"end":{"line":331,"column":11}},"type":"binary-expr","locations":[{"start":{"line":302,"column":11},"end":{"line":302,"column":30}},{"start":{"line":303,"column":12},"end":{"line":330,"column":19}}],"line":302},"23":{"loc":{"start":{"line":317,"column":28},"end":{"line":317,"column":39}},"type":"default-arg","locations":[{"start":{"line":317,"column":38},"end":{"line":317,"column":39}}],"line":317},"24":{"loc":{"start":{"line":318,"column":33},"end":{"line":318,"column":44}},"type":"default-arg","locations":[{"start":{"line":318,"column":43},"end":{"line":318,"column":44}}],"line":318},"25":{"loc":{"start":{"line":334,"column":11},"end":{"line":383,"column":11}},"type":"binary-expr","locations":[{"start":{"line":334,"column":11},"end":{"line":334,"column":31}},{"start":{"line":335,"column":12},"end":{"line":382,"column":19}}],"line":334},"26":{"loc":{"start":{"line":343,"column":20},"end":{"line":343,"column":79}},"type":"binary-expr","locations":[{"start":{"line":343,"column":20},"end":{"line":343,"column":49}},{"start":{"line":343,"column":53},"end":{"line":343,"column":79}}],"line":343},"27":{"loc":{"start":{"line":375,"column":28},"end":{"line":375,"column":89}},"type":"cond-expr","locations":[{"start":{"line":375,"column":60},"end":{"line":375,"column":72}},{"start":{"line":375,"column":75},"end":{"line":375,"column":89}}],"line":375},"28":{"loc":{"start":{"line":386,"column":11},"end":{"line":407,"column":11}},"type":"binary-expr","locations":[{"start":{"line":386,"column":11},"end":{"line":386,"column":27}},{"start":{"line":387,"column":12},"end":{"line":406,"column":19}}],"line":386},"29":{"loc":{"start":{"line":420,"column":45},"end":{"line":420,"column":76}},"type":"cond-expr","locations":[{"start":{"line":420,"column":64},"end":{"line":420,"column":68}},{"start":{"line":420,"column":71},"end":{"line":420,"column":76}}],"line":420},"30":{"loc":{"start":{"line":428,"column":7},"end":{"line":446,"column":7}},"type":"binary-expr","locations":[{"start":{"line":428,"column":7},"end":{"line":428,"column":33}},{"start":{"line":429,"column":8},"end":{"line":445,"column":15}}],"line":428},"31":{"loc":{"start":{"line":448,"column":7},"end":{"line":456,"column":7}},"type":"binary-expr","locations":[{"start":{"line":448,"column":7},"end":{"line":448,"column":40}},{"start":{"line":448,"column":44},"end":{"line":448,"column":61}},{"start":{"line":449,"column":8},"end":{"line":455,"column":15}}],"line":448}},"s":{"0":0,"1":0,"2":0,"3":0,"4":0,"5":0,"6":0,"7":0,"8":0,"9":0,"10":0,"11":0,"12":0,"13":0,"14":0,"15":0,"16":0,"17":0,"18":0,"19":0,"20":0,"21":0,"22":0,"23":0,"24":0,"25":0,"26":0,"27":0,"28":0,"29":0,"30":0,"31":0,"32":0,"33":0,"34":0,"35":0,"36":0,"37":0,"38":0,"39":0,"40":0,"41":0,"42":0,"43":0,"44":0,"45":0,"46":0,"47":0,"48":0,"49":0,"50":0,"51":0,"52":0,"53":0,"54":0,"55":0,"56":0,"57":0,"58":0,"59":0,"60":0,"61":0,"62":0,"63":0,"64":0,"65":0,"66":0,"67":0,"68":0,"69":0,"70":0,"71":0,"72":0,"73":0,"74":0,"75":0,"76":0,"77":0,"78":0,"79":0,"80":0,"81":0,"82":0},"f":{"0":0,"1":0,"2":0,"3":0,"4":0,"5":0,"6":0,"7":0,"8":0,"9":0,"10":0,"11":0,"12":0,"13":0,"14":0,"15":0,"16":0,"17":0,"18":0,"19":0,"20":0,"21":0,"22":0,"23":0,"24":0,"25":0,"26":0,"27":0,"28":0,"29":0,"30":0,"31":0,"32":0,"33":0,"34":0,"35":0,"36":0,"37":0,"38":0},"b":{"0":[0,0],"1":[0,0,0,0],"2":[0,0],"3":[0,0],"4":[0,0],"5":[0,0],"6":[0,0],"7":[0,0],"8":[0,0],"9":[0,0],"10":[0,0],"11":[0,0],"12":[0,0],"13":[0,0],"14":[0,0],"15":[0,0],"16":[0,0],"17":[0,0],"18":[0,0],"19":[0,0],"20":[0,0],"21":[0],"22":[0,0],"23":[0],"24":[0],"25":[0,0],"26":[0,0],"27":[0,0],"28":[0,0],"29":[0,0],"30":[0,0],"31":[0,0,0]}}
,"C:\\Repos\\expo_expense_tracker\\src\\screens\\ScanReceiptScreen.tsx": {"path":"C:\\Repos\\expo_expense_tracker\\src\\screens\\ScanReceiptScreen.tsx","statementMap":{"0":{"start":{"line":23,"column":21},"end":{"line":23,"column":52}},"1":{"start":{"line":24,"column":34},"end":{"line":24,"column":63}},"2":{"start":{"line":25,"column":40},"end":{"line":25,"column":69}},"3":{"start":{"line":26,"column":40},"end":{"line":26,"column":55}},"4":{"start":{"line":27,"column":40},"end":{"line":27,"column":74}},"5":{"start":{"line":28,"column":36},"end":{"line":28,"column":65}},"6":{"start":{"line":31,"column":20},"end":{"line":58,"column":3}},"7":{"start":{"line":32,"column":23},"end":{"line":32,"column":78}},"8":{"start":{"line":34,"column":4},"end":{"line":37,"column":5}},"9":{"start":{"line":35,"column":6},"end":{"line":35,"column":84}},"10":{"start":{"line":36,"column":6},"end":{"line":36,"column":13}},"11":{"start":{"line":39,"column":19},"end":{"line":44,"column":6}},"12":{"start":{"line":46,"column":4},"end":{"line":57,"column":5}},"13":{"start":{"line":47,"column":18},"end":{"line":47,"column":38}},"14":{"start":{"line":48,"column":21},"end":{"line":48,"column":44}},"15":{"start":{"line":50,"column":6},"end":{"line":50,"column":23}},"16":{"start":{"line":51,"column":6},"end":{"line":51,"column":37}},"17":{"start":{"line":53,"column":6},"end":{"line":56,"column":7}},"18":{"start":{"line":55,"column":8},"end":{"line":55,"column":37}},"19":{"start":{"line":60,"column":20},"end":{"line":86,"column":3}},"20":{"start":{"line":61,"column":23},"end":{"line":61,"column":72}},"21":{"start":{"line":63,"column":4},"end":{"line":66,"column":5}},"22":{"start":{"line":64,"column":6},"end":{"line":64,"column":77}},"23":{"start":{"line":65,"column":6},"end":{"line":65,"column":13}},"24":{"start":{"line":68,"column":19},"end":{"line":72,"column":6}},"25":{"start":{"line":74,"column":4},"end":{"line":85,"column":5}},"26":{"start":{"line":75,"column":18},"end":{"line":75,"column":38}},"27":{"start":{"line":76,"column":21},"end":{"line":76,"column":44}},"28":{"start":{"line":78,"column":6},"end":{"line":78,"column":23}},"29":{"start":{"line":79,"column":6},"end":{"line":79,"column":37}},"30":{"start":{"line":81,"column":6},"end":{"line":84,"column":7}},"31":{"start":{"line":83,"column":8},"end":{"line":83,"column":37}},"32":{"start":{"line":88,"column":25},"end":{"line":141,"column":3}},"33":{"start":{"line":89,"column":4},"end":{"line":89,"column":25}},"34":{"start":{"line":90,"column":4},"end":{"line":90,"column":23}},"35":{"start":{"line":92,"column":4},"end":{"line":140,"column":5}},"36":{"start":{"line":93,"column":21},"end":{"line":93,"column":52}},"37":{"start":{"line":95,"column":6},"end":{"line":109,"column":7}},"38":{"start":{"line":96,"column":8},"end":{"line":106,"column":10}},"39":{"start":{"line":103,"column":29},"end":{"line":103,"column":48}},"40":{"start":{"line":107,"column":8},"end":{"line":107,"column":30}},"41":{"start":{"line":108,"column":8},"end":{"line":108,"column":15}},"42":{"start":{"line":111,"column":6},"end":{"line":111,"column":50}},"43":{"start":{"line":112,"column":19},"end":{"line":112,"column":70}},"44":{"start":{"line":113,"column":6},"end":{"line":113,"column":55}},"45":{"start":{"line":115,"column":6},"end":{"line":115,"column":27}},"46":{"start":{"line":116,"column":6},"end":{"line":116,"column":25}},"47":{"start":{"line":118,"column":6},"end":{"line":124,"column":7}},"48":{"start":{"line":119,"column":8},"end":{"line":123,"column":10}},"49":{"start":{"line":126,"column":27},"end":{"line":126,"column":95}},"50":{"start":{"line":127,"column":6},"end":{"line":127,"column":53}},"51":{"start":{"line":128,"column":6},"end":{"line":128,"column":33}},"52":{"start":{"line":130,"column":6},"end":{"line":136,"column":8}},"53":{"start":{"line":137,"column":6},"end":{"line":137,"column":27}},"54":{"start":{"line":139,"column":6},"end":{"line":139,"column":28}},"55":{"start":{"line":143,"column":24},"end":{"line":149,"column":3}},"56":{"start":{"line":144,"column":4},"end":{"line":147,"column":5}},"57":{"start":{"line":145,"column":6},"end":{"line":145,"column":50}},"58":{"start":{"line":146,"column":6},"end":{"line":146,"column":13}},"59":{"start":{"line":148,"column":4},"end":{"line":148,"column":38}},"60":{"start":{"line":151,"column":26},"end":{"line":205,"column":3}},"61":{"start":{"line":152,"column":4},"end":{"line":152,"column":29}},"62":{"start":{"line":152,"column":22},"end":{"line":152,"column":29}},"63":{"start":{"line":154,"column":4},"end":{"line":204,"column":5}},"64":{"start":{"line":155,"column":18},"end":{"line":155,"column":42}},"65":{"start":{"line":156,"column":28},"end":{"line":166,"column":8}},"66":{"start":{"line":169,"column":6},"end":{"line":181,"column":7}},"67":{"start":{"line":170,"column":8},"end":{"line":180,"column":9}},"68":{"start":{"line":171,"column":10},"end":{"line":179,"column":11}},"69":{"start":{"line":172,"column":12},"end":{"line":178,"column":15}},"70":{"start":{"line":183,"column":24},"end":{"line":183,"column":54}},"71":{"start":{"line":184,"column":6},"end":{"line":200,"column":8}},"72":{"start":{"line":191,"column":14},"end":{"line":191,"column":34}},"73":{"start":{"line":192,"column":14},"end":{"line":192,"column":66}},"74":{"start":{"line":197,"column":27},"end":{"line":197,"column":46}},"75":{"start":{"line":202,"column":6},"end":{"line":202,"column":56}},"76":{"start":{"line":203,"column":6},"end":{"line":203,"column":57}},"77":{"start":{"line":207,"column":27},"end":{"line":217,"column":3}},"78":{"start":{"line":208,"column":4},"end":{"line":216,"column":6}},"79":{"start":{"line":219,"column":2},"end":{"line":340,"column":4}},"80":{"start":{"line":283,"column":22},"end":{"line":285,"column":29}},"81":{"start":{"line":343,"column":15},"end":{"line":538,"column":2}}},"fnMap":{"0":{"name":"ScanReceiptScreen","decl":{"start":{"line":22,"column":24},"end":{"line":22,"column":41}},"loc":{"start":{"line":22,"column":44},"end":{"line":341,"column":1}},"line":22},"1":{"name":"(anonymous_1)","decl":{"start":{"line":31,"column":20},"end":{"line":31,"column":21}},"loc":{"start":{"line":31,"column":32},"end":{"line":58,"column":3}},"line":31},"2":{"name":"(anonymous_2)","decl":{"start":{"line":60,"column":20},"end":{"line":60,"column":21}},"loc":{"start":{"line":60,"column":32},"end":{"line":86,"column":3}},"line":60},"3":{"name":"(anonymous_3)","decl":{"start":{"line":88,"column":25},"end":{"line":88,"column":26}},"loc":{"start":{"line":88,"column":60},"end":{"line":141,"column":3}},"line":88},"4":{"name":"(anonymous_4)","decl":{"start":{"line":103,"column":23},"end":{"line":103,"column":24}},"loc":{"start":{"line":103,"column":29},"end":{"line":103,"column":48}},"line":103},"5":{"name":"(anonymous_5)","decl":{"start":{"line":143,"column":24},"end":{"line":143,"column":25}},"loc":{"start":{"line":143,"column":36},"end":{"line":149,"column":3}},"line":143},"6":{"name":"(anonymous_6)","decl":{"start":{"line":151,"column":26},"end":{"line":151,"column":27}},"loc":{"start":{"line":151,"column":38},"end":{"line":205,"column":3}},"line":151},"7":{"name":"(anonymous_7)","decl":{"start":{"line":190,"column":21},"end":{"line":190,"column":22}},"loc":{"start":{"line":190,"column":27},"end":{"line":193,"column":13}},"line":190},"8":{"name":"(anonymous_8)","decl":{"start":{"line":197,"column":21},"end":{"line":197,"column":22}},"loc":{"start":{"line":197,"column":27},"end":{"line":197,"column":46}},"line":197},"9":{"name":"(anonymous_9)","decl":{"start":{"line":207,"column":27},"end":{"line":207,"column":28}},"loc":{"start":{"line":207,"column":33},"end":{"line":217,"column":3}},"line":207},"10":{"name":"(anonymous_10)","decl":{"start":{"line":282,"column":43},"end":{"line":282,"column":44}},"loc":{"start":{"line":283,"column":22},"end":{"line":285,"column":29}},"line":283}},"branchMap":{"0":{"loc":{"start":{"line":34,"column":4},"end":{"line":37,"column":5}},"type":"if","locations":[{"start":{"line":34,"column":4},"end":{"line":37,"column":5}},{"start":{},"end":{}}],"line":34},"1":{"loc":{"start":{"line":46,"column":4},"end":{"line":57,"column":5}},"type":"if","locations":[{"start":{"line":46,"column":4},"end":{"line":57,"column":5}},{"start":{},"end":{}}],"line":46},"2":{"loc":{"start":{"line":46,"column":8},"end":{"line":46,"column":44}},"type":"binary-expr","locations":[{"start":{"line":46,"column":8},"end":{"line":46,"column":24}},{"start":{"line":46,"column":28},"end":{"line":46,"column":44}}],"line":46},"3":{"loc":{"start":{"line":51,"column":21},"end":{"line":51,"column":35}},"type":"binary-expr","locations":[{"start":{"line":51,"column":21},"end":{"line":51,"column":27}},{"start":{"line":51,"column":31},"end":{"line":51,"column":35}}],"line":51},"4":{"loc":{"start":{"line":53,"column":6},"end":{"line":56,"column":7}},"type":"if","locations":[{"start":{"line":53,"column":6},"end":{"line":56,"column":7}},{"start":{},"end":{}}],"line":53},"5":{"loc":{"start":{"line":63,"column":4},"end":{"line":66,"column":5}},"type":"if","locations":[{"start":{"line":63,"column":4},"end":{"line":66,"column":5}},{"start":{},"end":{}}],"line":63},"6":{"loc":{"start":{"line":74,"column":4},"end":{"line":85,"column":5}},"type":"if","locations":[{"start":{"line":74,"column":4},"end":{"line":85,"column":5}},{"start":{},"end":{}}],"line":74},"7":{"loc":{"start":{"line":74,"column":8},"end":{"line":74,"column":44}},"type":"binary-expr","locations":[{"start":{"line":74,"column":8},"end":{"line":74,"column":24}},{"start":{"line":74,"column":28},"end":{"line":74,"column":44}}],"line":74},"8":{"loc":{"start":{"line":79,"column":21},"end":{"line":79,"column":35}},"type":"binary-expr","locations":[{"start":{"line":79,"column":21},"end":{"line":79,"column":27}},{"start":{"line":79,"column":31},"end":{"line":79,"column":35}}],"line":79},"9":{"loc":{"start":{"line":81,"column":6},"end":{"line":84,"column":7}},"type":"if","locations":[{"start":{"line":81,"column":6},"end":{"line":84,"column":7}},{"start":{},"end":{}}],"line":81},"10":{"loc":{"start":{"line":95,"column":6},"end":{"line":109,"column":7}},"type":"if","locations":[{"start":{"line":95,"column":6},"end":{"line":109,"column":7}},{"start":{},"end":{}}],"line":95},"11":{"loc":{"start":{"line":118,"column":6},"end":{"line":124,"column":7}},"type":"if","locations":[{"start":{"line":118,"column":6},"end":{"line":124,"column":7}},{"start":{},"end":{}}],"line":118},"12":{"loc":{"start":{"line":126,"column":27},"end":{"line":126,"column":95}},"type":"cond-expr","locations":[{"start":{"line":126,"column":52},"end":{"line":126,"column":65}},{"start":{"line":126,"column":68},"end":{"line":126,"column":95}}],"line":126},"13":{"loc":{"start":{"line":144,"column":4},"end":{"line":147,"column":5}},"type":"if","locations":[{"start":{"line":144,"column":4},"end":{"line":147,"column":5}},{"start":{},"end":{}}],"line":144},"14":{"loc":{"start":{"line":152,"column":4},"end":{"line":152,"column":29}},"type":"if","locations":[{"start":{"line":152,"column":4},"end":{"line":152,"column":29}},{"start":{},"end":{}}],"line":152},"15":{"loc":{"start":{"line":169,"column":6},"end":{"line":181,"column":7}},"type":"if","locations":[{"start":{"line":169,"column":6},"end":{"line":181,"column":7}},{"start":{},"end":{}}],"line":169},"16":{"loc":{"start":{"line":169,"column":10},"end":{"line":169,"column":95}},"type":"binary-expr","locations":[{"start":{"line":169,"column":10},"end":{"line":169,"column":27}},{"start":{"line":169,"column":31},"end":{"line":169,"column":63}},{"start":{"line":169,"column":67},"end":{"line":169,"column":95}}],"line":169},"17":{"loc":{"start":{"line":171,"column":10},"end":{"line":179,"column":11}},"type":"if","locations":[{"start":{"line":171,"column":10},"end":{"line":179,"column":11}},{"start":{},"end":{}}],"line":171},"18":{"loc":{"start":{"line":171,"column":14},"end":{"line":171,"column":51}},"type":"binary-expr","locations":[{"start":{"line":171,"column":14},"end":{"line":171,"column":38}},{"start":{"line":171,"column":42},"end":{"line":171,"column":51}}],"line":171},"19":{"loc":{"start":{"line":175,"column":24},"end":{"line":175,"column":42}},"type":"binary-expr","locations":[{"start":{"line":175,"column":24},"end":{"line":175,"column":37}},{"start":{"line":175,"column":41},"end":{"line":175,"column":42}}],"line":175},"20":{"loc":{"start":{"line":176,"column":25},"end":{"line":176,"column":63}},"type":"binary-expr","locations":[{"start":{"line":176,"column":25},"end":{"line":176,"column":39}},{"start":{"line":176,"column":43},"end":{"line":176,"column":58}},{"start":{"line":176,"column":62},"end":{"line":176,"column":63}}],"line":176},"21":{"loc":{"start":{"line":177,"column":26},"end":{"line":177,"column":64}},"type":"binary-expr","locations":[{"start":{"line":177,"column":26},"end":{"line":177,"column":41}},{"start":{"line":177,"column":45},"end":{"line":177,"column":59}},{"start":{"line":177,"column":63},"end":{"line":177,"column":64}}],"line":177},"22":{"loc":{"start":{"line":183,"column":24},"end":{"line":183,"column":54}},"type":"binary-expr","locations":[{"start":{"line":183,"column":24},"end":{"line":183,"column":49}},{"start":{"line":183,"column":53},"end":{"line":183,"column":54}}],"line":183},"23":{"loc":{"start":{"line":222,"column":9},"end":{"line":337,"column":9}},"type":"cond-expr","locations":[{"start":{"line":223,"column":10},"end":{"line":233,"column":17}},{"start":{"line":235,"column":10},"end":{"line":336,"column":17}}],"line":222},"24":{"loc":{"start":{"line":238,"column":13},"end":{"line":243,"column":13}},"type":"binary-expr","locations":[{"start":{"line":238,"column":13},"end":{"line":238,"column":24}},{"start":{"line":239,"column":14},"end":{"line":242,"column":21}}],"line":238},"25":{"loc":{"start":{"line":245,"column":13},"end":{"line":306,"column":13}},"type":"binary-expr","locations":[{"start":{"line":245,"column":13},"end":{"line":245,"column":24}},{"start":{"line":245,"column":28},"end":{"line":245,"column":40}},{"start":{"line":246,"column":14},"end":{"line":305,"column":21}}],"line":245},"26":{"loc":{"start":{"line":251,"column":20},"end":{"line":251,"column":95}},"type":"cond-expr","locations":[{"start":{"line":251,"column":51},"end":{"line":251,"column":72}},{"start":{"line":251,"column":75},"end":{"line":251,"column":95}}],"line":251},"27":{"loc":{"start":{"line":279,"column":17},"end":{"line":288,"column":17}},"type":"binary-expr","locations":[{"start":{"line":279,"column":17},"end":{"line":279,"column":34}},{"start":{"line":279,"column":38},"end":{"line":279,"column":66}},{"start":{"line":280,"column":18},"end":{"line":287,"column":25}}],"line":279},"28":{"loc":{"start":{"line":284,"column":27},"end":{"line":284,"column":126}},"type":"cond-expr","locations":[{"start":{"line":284,"column":54},"end":{"line":284,"column":58
[...]
{"start":{"line":147,"column":2},"end":{"line":147,"column":3}},"loc":{"start":{"line":147,"column":95},"end":{"line":161,"column":3}},"line":147},"8":{"name":"(anonymous_8)","decl":{"start":{"line":156,"column":22},"end":{"line":156,"column":23}},"loc":{"start":{"line":156,"column":30},"end":{"line":160,"column":5}},"line":156},"9":{"name":"(anonymous_9)","decl":{"start":{"line":164,"column":2},"end":{"line":164,"column":3}},"loc":{"start":{"line":164,"column":22},"end":{"line":171,"column":3}},"line":164},"10":{"name":"(anonymous_10)","decl":{"start":{"line":173,"column":2},"end":{"line":173,"column":3}},"loc":{"start":{"line":173,"column":103},"end":{"line":188,"column":3}},"line":173},"11":{"name":"(anonymous_11)","decl":{"start":{"line":190,"column":2},"end":{"line":190,"column":3}},"loc":{"start":{"line":190,"column":62},"end":{"line":198,"column":3}},"line":190},"12":{"name":"(anonymous_12)","decl":{"start":{"line":200,"column":2},"end":{"line":200,"column":3}},"loc":{"start":{"line":200,"column":122},"end":{"line":229,"column":3}},"line":200},"13":{"name":"(anonymous_13)","decl":{"start":{"line":231,"column":2},"end":{"line":231,"column":3}},"loc":{"start":{"line":231,"column":32},"end":{"line":239,"column":3}},"line":231},"14":{"name":"(anonymous_14)","decl":{"start":{"line":241,"column":2},"end":{"line":241,"column":3}},"loc":{"start":{"line":241,"column":46},"end":{"line":244,"column":3}},"line":241},"15":{"name":"(anonymous_15)","decl":{"start":{"line":247,"column":2},"end":{"line":247,"column":3}},"loc":{"start":{"line":247,"column":69},"end":{"line":260,"column":3}},"line":247},"16":{"name":"(anonymous_16)","decl":{"start":{"line":262,"column":2},"end":{"line":262,"column":3}},"loc":{"start":{"line":262,"column":82},"end":{"line":273,"column":3}},"line":262},"17":{"name":"(anonymous_17)","decl":{"start":{"line":275,"column":2},"end":{"line":275,"column":3}},"loc":{"start":{"line":275,"column":50},"end":{"line":278,"column":3}},"line":275},"18":{"name":"(anonymous_18)","decl":{"start":{"line":280,"column":2},"end":{"line":280,"column":3}},"loc":{"start":{"line":280,"column":78},"end":{"line":287,"column":3}},"line":280},"19":{"name":"(anonymous_19)","decl":{"start":{"line":289,"column":2},"end":{"line":289,"column":3}},"loc":{"start":{"line":289,"column":68},"end":{"line":304,"column":3}},"line":289}},"branchMap":{"0":{"loc":{"start":{"line":13,"column":4},"end":{"line":13,"column":62}},"type":"if","locations":[{"start":{"line":13,"column":4},"end":{"line":13,"column":62}},{"start":{},"end":{}}],"line":13},"1":{"loc":{"start":{"line":63,"column":4},"end":{"line":63,"column":62}},"type":"if","locations":[{"start":{"line":63,"column":4},"end":{"line":63,"column":62}},{"start":{},"end":{}}],"line":63},"2":{"loc":{"start":{"line":73,"column":16},"end":{"line":73,"column":41}},"type":"binary-expr","locations":[{"start":{"line":73,"column":16},"end":{"line":73,"column":28}},{"start":{"line":73,"column":32},"end":{"line":73,"column":41}}],"line":73},"3":{"loc":{"start":{"line":78,"column":4},"end":{"line":78,"column":62}},"type":"if","locations":[{"start":{"line":78,"column":4},"end":{"line":78,"column":62}},{"start":{},"end":{}}],"line":78},"4":{"loc":{"start":{"line":88,"column":6},"end":{"line":88,"column":34}},"type":"binary-expr","locations":[{"start":{"line":88,"column":6},"end":{"line":88,"column":26}},{"start":{"line":88,"column":30},"end":{"line":88,"column":34}}],"line":88},"5":{"loc":{"start":{"line":89,"column":6},"end":{"line":89,"column":44}},"type":"cond-expr","locations":[{"start":{"line":89,"column":39},"end":{"line":89,"column":40}},{"start":{"line":89,"column":43},"end":{"line":89,"column":44}}],"line":89},"6":{"loc":{"start":{"line":98,"column":4},"end":{"line":98,"column":62}},"type":"if","locations":[{"start":{"line":98,"column":4},"end":{"line":98,"column":62}},{"start":{},"end":{}}],"line":98},"7":{"loc":{"start":{"line":103,"column":4},"end":{"line":106,"column":5}},"type":"if","locations":[{"start":{"line":103,"column":4},"end":{"line":106,"column":5}},{"start":{},"end":{}}],"line":103},"8":{"loc":{"start":{"line":107,"column":4},"end":{"line":110,"column":5}},"type":"if","locations":[{"start":{"line":107,"column":4},"end":{"line":110,"column":5}},{"start":{},"end":{}}],"line":107},"9":{"loc":{"start":{"line":111,"column":4},"end":{"line":114,"column":5}},"type":"if","locations":[{"start":{"line":111,"column":4},"end":{"line":114,"column":5}},{"start":{},"end":{}}],"line":111},"10":{"loc":{"start":{"line":115,"column":4},"end":{"line":118,"column":5}},"type":"if","locations":[{"start":{"line":115,"column":4},"end":{"line":118,"column":5}},{"start":{},"end":{}}],"line":115},"11":{"loc":{"start":{"line":119,"column":4},"end":{"line":122,"column":5}},"type":"if","locations":[{"start":{"line":119,"column":4},"end":{"line":122,"column":5}},{"start":{},"end":{}}],"line":119},"12":{"loc":{"start":{"line":123,"column":4},"end":{"line":126,"column":5}},"type":"if","locations":[{"start":{"line":123,"column":4},"end":{"line":126,"column":5}},{"start":{},"end":{}}],"line":123},"13":{"loc":{"start":{"line":125,"column":18},"end":{"line":125,"column":46}},"type":"binary-expr","locations":[{"start":{"line":125,"column":18},"end":{"line":125,"column":38}},{"start":{"line":125,"column":42},"end":{"line":125,"column":46}}],"line":125},"14":{"loc":{"start":{"line":127,"column":4},"end":{"line":130,"column":5}},"type":"if","locations":[{"start":{"line":127,"column":4},"end":{"line":130,"column":5}},{"start":{},"end":{}}],"line":127},"15":{"loc":{"start":{"line":129,"column":18},"end":{"line":129,"column":56}},"type":"cond-expr","locations":[{"start":{"line":129,"column":51},"end":{"line":129,"column":52}},{"start":{"line":129,"column":55},"end":{"line":129,"column":56}}],"line":129},"16":{"loc":{"start":{"line":143,"column":4},"end":{"line":143,"column":62}},"type":"if","locations":[{"start":{"line":143,"column":4},"end":{"line":143,"column":62}},{"start":{},"end":{}}],"line":143},"17":{"loc":{"start":{"line":148,"column":4},"end":{"line":148,"column":62}},"type":"if","locations":[{"start":{"line":148,"column":4},"end":{"line":148,"column":62}},{"start":{},"end":{}}],"line":148},"18":{"loc":{"start":{"line":159,"column":16},"end":{"line":159,"column":41}},"type":"binary-expr","locations":[{"start":{"line":159,"column":16},"end":{"line":159,"column":28}},{"start":{"line":159,"column":32},"end":{"line":159,"column":41}}],"line":159},"19":{"loc":{"start":{"line":165,"column":4},"end":{"line":165,"column":62}},"type":"if","locations":[{"start":{"line":165,"column":4},"end":{"line":165,"column":62}},{"start":{},"end":{}}],"line":165},"20":{"loc":{"start":{"line":174,"column":4},"end":{"line":174,"column":62}},"type":"if","locations":[{"start":{"line":174,"column":4},"end":{"line":174,"column":62}},{"start":{},"end":{}}],"line":174},"21":{"loc":{"start":{"line":191,"column":4},"end":{"line":191,"column":62}},"type":"if","locations":[{"start":{"line":191,"column":4},"end":{"line":191,"column":62}},{"start":{},"end":{}}],"line":191},"22":{"loc":{"start":{"line":201,"column":4},"end":{"line":201,"column":62}},"type":"if","locations":[{"start":{"line":201,"column":4},"end":{"line":201,"column":62}},{"start":{},"end":{}}],"line":201},"23":{"loc":{"start":{"line":206,"column":4},"end":{"line":209,"column":5}},"type":"if","locations":[{"start":{"line":206,"column":4},"end":{"line":209,"column":5}},{"start":{},"end":{}}],"line":206},"24":{"loc":{"start":{"line":210,"column":4},"end":{"line":213,"column":5}},"type":"if","locations":[{"start":{"line":210,"column":4},"end":{"line":213,"column":5}},{"start":{},"end":{}}],"line":210},"25":{"loc":{"start":{"line":214,"column":4},"end":{"line":217,"column":5}},"type":"if","locations":[{"start":{"line":214,"column":4},"end":{"line":217,"column":5}},{"start":{},"end":{}}],"line":214},"26":{"loc":{"start":{"line":218,"column":4},"end":{"line":221,"column":5}},"type":"if","locations":[{"start":{"line":218,"column":4},"end":{"line":221,"column":5}},{"start":{},"end":{}}],"line":218},"27":{"loc":{"start":{"line":232,"column":4},"end":{"line":232,"column":62}},"type":"if","locations":[{"start":{"line":232,"column":4},"end":{"line":232,"column":62}},{"start":{},"end":{}}],"line":232},"28":{"loc":{"start":{"line":238,"column":11},"end":{"line":238,"column":25}},"type":"binary-expr","locations":[{"start":{"line":238,"column":11},"end":{"line":238,"column":17}},{"start":{"line":238,"column":21},"end":{"line":238,"column":25}}],"line":238},"29":{"loc":{"start":{"line":242,"column":4},"end":{"line":242,"column":62}},"type":"if","locations":[{"start":{"line":242,"column":4},"end":{"line":242,"column":62}},{"start":{},"end":{}}],"line":242},"30":{"loc":{"start":{"line":248,"column":4},"end":{"line":248,"column":62}},"type":"if","locations":[{"start":{"line":248,"column":4},"end":{"line":248,"column":62}},{"start":{},"end":{}}],"line":248},"31":{"loc":{"start":{"line":263,"column":4},"end":{"line":263,"column":62}},"type":"if","locations":[{"start":{"line":263,"column":4},"end":{"line":263,"column":62}},{"start":{},"end":{}}],"line":263},"32":{"loc":{"start":{"line":276,"column":4},"end":{"line":276,"column":62}},"type":"if","locations":[{"start":{"line":276,"column":4},"end":{"line":276,"column":62}},{"start":{},"end":{}}],"line":276},"33":{"loc":{"start":{"line":281,"column":4},"end":{"line":281,"column":62}},"type":"if","locations":[{"start":{"line":281,"column":4},"end":{"line":281,"column":62}},{"start":{},"end":{}}],"line":281},"34":{"loc":{"start":{"line":290,"column":4},"end":{"line":290,"column":62}},"type":"if","locations":[{"start":{"line":290,"column":4},"end":{"line":290,"column":62}},{"start":{},"end":{}}],"line":290},"35":{"loc":{"start":{"line":297,"column":4},"end":{"line":297,"column":26}},"type":"if","locations":[{"start":{"line":297,"column":4},"end":{"line":297,"column":26}},{"start":{},"end":{}}],"line":297},"36":{"loc":{"start":{"line":302,"column":16},"end":{"line":302,"column":41}},"type":"binary-expr","locations":[{"start":{"line":302,"column":16},"end":{"line":302,"column":28}},{"start":{"line":302,"column":32},"end":{"line":302,"column":41}}],"line":302}},"s":{"0":1,"1":1,"2":1,"3":1,"4":0,"5":1,"6":1,"7":1,"8":1,"9":0,"10":1,"11":0,"12":1,"13":1,"14":1,"15":9,"16":0,"17":9,"18":9,"19":1,"20":0,"21":1,"22":1,"23":1,"24":1,"25":1,"26":1,"27":1,"28":1,"29":1,"30":1,"31":1,"32":1,"33":1,"34":1,"35":1,"36":1,"37":1,"38":1,"39":0,"40":0,"41":1,"42":0,"43":0,"44":1,"45":1,"46":1,"47":1,"48":1,"49":0,"50":1,"51":1,"52":0,"53":1,"54":1,"55":1,"56":1,"57":0,"58":1,"59":1,"60":4,"61":0,"62":4,"63":4,"64":4,"65":0,"66":0,"67":0,"68":1,"69":0,"70":1,"71":1,"72":1,"73":1,"74":1,"75":1,"76":1,"77":1,"78":1,"79":1,"80":1,"81":1,"82":1,"83":1,"84":1,"85":1,"86":3,"87":0,"88":3,"89":3,"90":1,"91":0,"92":1,"93":4,"94":0,"95":4,"96":4,"97":1,"98":0,"99":1,"100":1,"101":0,"102":1,"103":3,"104":0,"105":3,"106":2,"107":0,"108":2,"109":2,"110":1,"111":1,"112":1},"f":{"0":1,"1":1,"2":1,"3":1,"4":9,"5":1,"6":1,"7":1,"8":1,"9":1,"10":4,"11":0,"12":1,"13":3,"14":1,"15":4,"16":1,"17":1,"18":3,"19":2},"b":{"0":[0,1],"1":[0,1],"2":[1,0],"3":[0,9],"4":[9,8],"5":[0,9],"6":[0,1],"7":[1,0],"8":[1,0],"9":[1,0],"10":[1,0],"11":[1,0],"12":[0,1],"13":[0,0],"14":[0,1],"15":[0,0],"16":[0,1],"17":[0,1],"18":[1,1],"19":[0,1],"20":[0,4],"21":[0,0],"22":[0,1],"23":[1,0],"24":[1,0],"25":[1,0],"26":[1,0],"27":[0,3],"28":[3,1],"29":[0,1],"30":[0,4],"31":[0,1],"32":[0,1],"33":[0,3],"34":[0,2],"35":[1,1],"36":[1,0]},"_coverageSchema":"1a1c01bbd47fc00a2c39e90264f33305004495a9","hash":"8680f53b42cbdfda25acf1f6358941ba15ecbf92"}
,"C:\\Repos\\expo_expense_tracker\\src\\services\\openai.ts": {"path":"C:\\Repos\\expo_expense_tracker\\src\\services\\openai.ts","statementMap":{"0":{"start":{"line":4,"column":31},"end":{"line":4,"column":55}},"1":{"start":{"line":23,"column":34},"end":{"line":23,"column":38}},"2":{"start":{"line":26,"column":4},"end":{"line":26,"column":69}},"3":{"start":{"line":30,"column":4},"end":{"line":30,"column":22}},"4":{"start":{"line":31,"column":4},"end":{"line":31,"column":60}},"5":{"start":{"line":35,"column":4},"end":{"line":37,"column":5}},"6":{"start":{"line":36,"column":6},"end":{"line":36,"column":71}},"7":{"start":{"line":38,"column":4},"end":{"line":38,"column":23}},"8":{"start":{"line":42,"column":16},"end":{"line":42,"column":38}},"9":{"start":{"line":43,"column":4},"end":{"line":43,"column":17}},"10":{"start":{"line":47,"column":4},"end":{"line":49,"column":5}},"11":{"start":{"line":48,"column":6},"end":{"line":48,"column":82}},"12":{"start":{"line":51,"column":4},"end":{"line":159,"column":5}},"13":{"start":{"line":52,"column":6},"end":{"line":52,"column":54}},"14":{"start":{"line":53,"column":23},"end":{"line":104,"column":7}},"15":{"start":{"line":106,"column":6},"end":{"line":106,"column":50}},"16":{"start":{"line":107,"column":22},"end":{"line":107,"column":62}},"17":{"start":{"line":108,"column":6},"end":{"line":108,"column":55}},"18":{"start":{"line":111,"column":23},"end":{"line":111,"column":37}},"19":{"start":{"line":112,"column":6},"end":{"line":116,"column":7}},"20":{"start":{"line":113,"column":8},"end":{"line":113,"column":82}},"21":{"start":{"line":114,"column":13},"end":{"line":116,"column":7}},"22":{"start":{"line":115,"column":8},"end":{"line":115,"column":55}},"23":{"start":{"line":119,"column":21},"end":{"line":119,"column":50}},"24":{"start":{"line":122,"column":6},"end":{"line":129,"column":8}},"25":{"start":{"line":131,"column":6},"end":{"line":131,"column":48}},"26":{"start":{"line":133,"column":6},"end":{"line":152,"column":7}},"27":{"start":{"line":134,"column":8},"end":{"line":138,"column":11}},"28":{"start":{"line":140,"column":8},"end":{"line":142,"column":9}},"29":{"start":{"line":141,"column":10},"end":{"line":141,"column":92}},"30":{"start":{"line":143,"column":8},"end":{"line":145,"column":9}},"31":{"start":{"line":144,"column":10},"end":{"line":144,"column":78}},"32":{"start":{"line":146,"column":8},"end":{"line":148,"column":9}},"33":{"start":{"line":147,"column":10},"end":{"line":147,"column":99}},"34":{"start":{"line":150,"column":29},"end":{"line":150,"column":82}},"35":{"start":{"line":151,"column":8},"end":{"line":151,"column":54}},"36":{"start":{"line":154,"column":6},"end":{"line":156,"column":7}},"37":{"start":{"line":155,"column":8},"end":{"line":155,"column":71}},"38":{"start":{"line":158,"column":6},"end":{"line":158,"column":70}},"39":{"start":{"line":163,"column":28},"end":{"line":171,"column":5}},"40":{"start":{"line":173,"column":23},"end":{"line":173,"column":39}},"41":{"start":{"line":174,"column":4},"end":{"line":174,"column":71}},"42":{"start":{"line":178,"column":29},"end":{"line":178,"column":48}}},"fnMap":{"0":{"name":"(anonymous_0)","decl":{"start":{"line":25,"column":2},"end":{"line":25,"column":3}},"loc":{"start":{"line":25,"column":15},"end":{"line":27,"column":3}},"line":25},"1":{"name":"(anonymous_1)","decl":{"start":{"line":29,"column":2},"end":{"line":29,"column":3}},"loc":{"start":{"line":29,"column":31},"end":{"line":32,"column":3}},"line":29},"2":{"name":"(anonymous_2)","decl":{"start":{"line":34,"column":2},"end":{"line":34,"column":3}},"loc":{"start":{"line":34,"column":44},"end":{"line":39,"column":3}},"line":34},"3":{"name":"(anonymous_3)","decl":{"start":{"line":41,"column":2},"end":{"line":41,"column":3}},"loc":{"start":{"line":41,"column":38},"end":{"line":44,"column":3}},"line":41},"4":{"name":"(anonymous_4)","decl":{"start":{"line":46,"column":2},"end":{"line":46,"column":3}},"loc":{"start":{"line":46,"column":66},"end":{"line":160,"column":3}},"line":46},"5":{"name":"(anonymous_5)","decl":{"start":{"line":162,"column":2},"end":{"line":162,"column":3}},"loc":{"start":{"line":162,"column":53},"end":{"line":175,"column":3}},"line":162}},"branchMap":{"0":{"loc":{"start":{"line":35,"column":4},"end":{"line":37,"column":5}},"type":"if","locations":[{"start":{"line":35,"column":4},"end":{"line":37,"column":5}},{"start":{},"end":{}}],"line":35},"1":{"loc":{"start":{"line":47,"column":4},"end":{"line":49,"column":5}},"type":"if","locations":[{"start":{"line":47,"column":4},"end":{"line":49,"column":5}},{"start":{},"end":{}}],"line":47},"2":{"loc":{"start":{"line":112,"column":6},"end":{"line":116,"column":7}},"type":"if","locations":[{"start":{"line":112,"column":6},"end":{"line":116,"column":7}},{"start":{"line":114,"column":13},"end":{"line":116,"column":7}}],"line":112},"3":{"loc":{"start":{"line":114,"column":13},"end":{"line":116,"column":7}},"type":"if","locations":[{"start":{"line":114,"column":13},"end":{"line":116,"column":7}},{"start":{},"end":{}}],"line":114},"4":{"loc":{"start":{"line":123,"column":18},"end":{"line":123,"column":55}},"type":"binary-expr","locations":[{"start":{"line":123,"column":18},"end":{"line":123,"column":33}},{"start":{"line":123,"column":37},"end":{"line":123,"column":55}}],"line":123},"5":{"loc":{"start":{"line":124,"column":16},"end":{"line":124,"column":46}},"type":"binary-expr","locations":[{"start":{"line":124,"column":16},"end":{"line":124,"column":41}},{"start":{"line":124,"column":45},"end":{"line":124,"column":46}}],"line":124},"6":{"loc":{"start":{"line":125,"column":14},"end":{"line":125,"column":67}},"type":"binary-expr","locations":[{"start":{"line":125,"column":14},"end":{"line":125,"column":25}},{"start":{"line":125,"column":29},"end":{"line":125,"column":67}}],"line":125},"7":{"loc":{"start":{"line":127,"column":15},"end":{"line":127,"column":62}},"type":"cond-expr","locations":[{"start":{"line":127,"column":45},"end":{"line":127,"column":57}},{"start":{"line":127,"column":60},"end":{"line":127,"column":62}}],"line":127},"8":{"loc":{"start":{"line":128,"column":20},"end":{"line":128,"column":56}},"type":"binary-expr","locations":[{"start":{"line":128,"column":20},"end":{"line":128,"column":49}},{"start":{"line":128,"column":53},"end":{"line":128,"column":56}}],"line":128},"9":{"loc":{"start":{"line":133,"column":6},"end":{"line":152,"column":7}},"type":"if","locations":[{"start":{"line":133,"column":6},"end":{"line":152,"column":7}},{"start":{},"end":{}}],"line":133},"10":{"loc":{"start":{"line":140,"column":8},"end":{"line":142,"column":9}},"type":"if","locations":[{"start":{"line":140,"column":8},"end":{"line":142,"column":9}},{"start":{},"end":{}}],"line":140},"11":{"loc":{"start":{"line":143,"column":8},"end":{"line":145,"column":9}},"type":"if","locations":[{"start":{"line":143,"column":8},"end":{"line":145,"column":9}},{"start":{},"end":{}}],"line":143},"12":{"loc":{"start":{"line":146,"column":8},"end":{"line":148,"column":9}},"type":"if","locations":[{"start":{"line":146,"column":8},"end":{"line":148,"column":9}},{"start":{},"end":{}}],"line":146},"13":{"loc":{"start":{"line":150,"column":29},"end":{"line":150,"column":82}},"type":"binary-expr","locations":[{"start":{"line":150,"column":29},"end":{"line":150,"column":65}},{"start":{"line":150,"column":69},"end":{"line":150,"column":82}}],"line":150},"14":{"loc":{"start":{"line":154,"column":6},"end":{"line":156,"column":7}},"type":"if","locations":[{"start":{"line":154,"column":6},"end":{"line":156,"column":7}},{"start":{},"end":{}}],"line":154},"15":{"loc":{"start":{"line":174,"column":11},"end":{"line":174,"column":70}},"type":"cond-expr","locations":[{"start":{"line":174,"column":50},"end":{"line":174,"column":60}},{"start":{"line":174,"column":63},"end":{"line":174,"column":70}}],"line":174}},"s":{"0":0,"1":0,"2":0,"3":0,"4":0,"5":0,"6":0,"7":0,"8":0,"9":0,"10":0,"11":0,"12":0,"13":0,"14":0,"15":0,"16":0,"17":0,"18":0,"19":0,"20":0,"21":0,"22":0,"23":0,"24":0,"25":0,"26":0,"27":0,"28":0,"29":0,"30":0,"31":0,"32":0,"33":0,"34":0,"35":0,"36":0,"37":0,"38":0,"39":0,"40":0,"41":0,"42":0},"f":{"0":0,"1":0,"2":0,"3":0,"4":0,"5":0},"b":{"0":[0,0],"1":[0,0],"2":[0,0],"3":[0,0],"4":[0,0],"5":[0,0],"6":[0,0],"7":[0,0],"8":[0,0],"9":[0,0],"10":[0,0],"11":[0,0],"12":[0,0],"13":[0,0],"14":[0,0],"15":[0,0]}}
}
