TN:
SF:src\navigation\index.tsx
FN:22,MainTabs
FN:25,(anonymous_1)
FN:26,(anonymous_2)
FN:54,Navigation
FNF:4
FNH:0
FNDA:0,MainTabs
FNDA:0,(anonymous_1)
FNDA:0,(anonymous_2)
FNDA:0,Navigation
DA:19,0
DA:20,0
DA:23,0
DA:25,0
DA:27,0
DA:29,0
DA:30,0
DA:31,0
DA:32,0
DA:33,0
DA:34,0
DA:35,0
DA:36,0
DA:39,0
DA:55,0
LF:15
LH:0
BRDA:29,0,0,0
BRDA:29,0,1,0
BRDA:30,1,0,0
BRDA:30,1,1,0
BRDA:31,2,0,0
BRDA:31,2,1,0
BRDA:32,3,0,0
BRDA:32,3,1,0
BRDA:33,4,0,0
BRDA:33,4,1,0
BRDA:34,5,0,0
BRDA:34,5,1,0
BRDA:35,6,0,0
BRDA:35,6,1,0
BRDA:36,7,0,0
BRDA:36,7,1,0
BRF:16
BRH:0
end_of_record
TN:
SF:src\screens\AddGoalScreen.tsx
FN:20,AddGoalScreen
FN:27,(anonymous_1)
FN:64,(anonymous_2)
FN:75,(anonymous_3)
FNF:4
FNH:0
FNDA:0,AddGoalScreen
FNDA:0,(anonymous_1)
FNDA:0,(anonymous_2)
FNDA:0,(anonymous_3)
DA:21,0
DA:22,0
DA:23,0
DA:24,0
DA:25,0
DA:27,0
DA:28,0
DA:29,0
DA:30,0
DA:33,0
DA:34,0
DA:35,0
DA:36,0
DA:39,0
DA:41,0
DA:42,0
DA:43,0
DA:47,0
DA:48,0
DA:49,0
DA:50,0
DA:53,0
DA:54,0
DA:61,0
DA:64,0
DA:68,0
DA:72,0
DA:75,0
DA:135,0
LF:29
LH:0
BRDA:28,0,0,0
BRDA:28,0,1,0
BRDA:34,1,0,0
BRDA:34,1,1,0
BRDA:34,2,0,0
BRDA:34,2,1,0
BRDA:39,3,0,0
BRDA:39,3,1,0
BRDA:41,4,0,0
BRDA:41,4,1,0
BRDA:48,5,0,0
BRDA:48,5,1,0
BRF:12
BRH:0
end_of_record
TN:
SF:src\screens\AddTransactionScreen.tsx
FN:29,AddTransactionScreen
FN:36,(anonymous_1)
FN:78,(anonymous_2)
FN:94,(anonymous_3)
FN:124,(anonymous_4)
FN:131,(anonymous_5)
FNF:6
FNH:0
FNDA:0,AddTransactionScreen
FNDA:0,(anonymous_1)
FNDA:0,(anonymous_2)
FNDA:0,(anonymous_3)
FNDA:0,(anonymous_4)
FNDA:0,(anonymous_5)
DA:18,0
DA:30,0
DA:31,0
DA:32,0
DA:33,0
DA:34,0
DA:36,0
DA:37,0
DA:39,0
DA:40,0
DA:41,0
DA:44,0
DA:45,0
DA:46,0
DA:49,0
DA:50,0
DA:51,0
DA:62,0
DA:64,0
DA:65,0
DA:69,0
DA:78,0
DA:94,0
DA:125,0
DA:131,0
DA:165,0
LF:26
LH:0
BRDA:39,0,0,0
BRDA:39,0,1,0
BRDA:39,1,0,0
BRDA:39,1,1,0
BRDA:44,2,0,0
BRDA:44,2,1,0
BRDA:76,3,0,0
BRDA:76,3,1,0
BRDA:83,4,0,0
BRDA:83,4,1,0
BRDA:92,5,0,0
BRDA:92,5,1,0
BRDA:99,6,0,0
BRDA:99,6,1,0
BRDA:129,7,0,0
BRDA:129,7,1,0
BRDA:136,8,0,0
BRDA:136,8,1,0
BRF:18
BRH:0
end_of_record
TN:
SF:src\screens\EditTransactionScreen.tsx
FN:31,EditTransactionScreen
FN:42,(anonymous_1)
FN:72,(anonymous_2)
FN:76,(anonymous_3)
FN:85,(anonymous_4)
FN:103,(anonymous_5)
FN:123,(anonymous_6)
FN:139,(anonymous_7)
FN:169,(anonymous_8)
FN:176,(anonymous_9)
FN:204,(anonymous_10)
FNF:11
FNH:0
FNDA:0,EditTransactionScreen
FNDA:0,(anonymous_1)
FNDA:0,(anonymous_2)
FNDA:0,(anonymous_3)
FNDA:0,(anonymous_4)
FNDA:0,(anonymous_5)
FNDA:0,(anonymous_6)
FNDA:0,(anonymous_7)
FNDA:0,(anonymous_8)
FNDA:0,(anonymous_9)
FNDA:0,(anonymous_10)
DA:20,0
DA:32,0
DA:33,0
DA:34,0
DA:36,0
DA:37,0
DA:38,0
DA:39,0
DA:40,0
DA:42,0
DA:43,0
DA:45,0
DA:46,0
DA:47,0
DA:50,0
DA:51,0
DA:52,0
DA:55,0
DA:56,0
DA:65,0
DA:67,0
DA:68,0
DA:72,0
DA:73,0
DA:76,0
DA:77,0
DA:86,0
DA:87,0
DA:88,0
DA:90,0
DA:91,0
DA:99,0
DA:103,0
DA:123,0
DA:139,0
DA:170,0
DA:176,0
DA:204,0
DA:229,0
LF:39
LH:0
BRDA:45,0,0,0
BRDA:45,0,1,0
BRDA:45,1,0,0
BRDA:45,1,1,0
BRDA:50,2,0,0
BRDA:50,2,1,0
BRDA:121,3,0,0
BRDA:121,3,1,0
BRDA:128,4,0,0
BRDA:128,4,1,0
BRDA:137,5,0,0
BRDA:137,5,1,0
BRDA:144,6,0,0
BRDA:144,6,1,0
BRDA:174,7,0,0
BRDA:174,7,1,0
BRDA:181,8,0,0
BRDA:181,8,1,0
BRDA:208,9,0,0
BRDA:208,9,1,0
BRDA:210,10,0,0
BRDA:210,10,1,0
BRF:22
BRH:0
end_of_record
TN:
SF:src\screens\GoalsScreen.tsx
FN:19,GoalsScreen
FN:24,(anonymous_1)
FN:34,(anonymous_2)
FN:39,(anonymous_3)
FN:45,(anonymous_4)
FN:53,(anonymous_5)
FN:69,(anonymous_6)
FN:78,(anonymous_7)
FN:87,(anonymous_8)
FN:91,(anonymous_9)
FN:99,(anonymous_10)
FN:103,(anonymous_11)
FN:118,(anonymous_12)
FN:150,(anonymous_13)
FN:169,(anonymous_14)
FN:187,(anonymous_15)
FNF:16
FNH:0
FNDA:0,GoalsScreen
FNDA:0,(anonymous_1)
FNDA:0,(anonymous_2)
FNDA:0,(anonymous_3)
FNDA:0,(anonymous_4)
FNDA:0,(anonymous_5)
FNDA:0,(anonymous_6)
FNDA:0,(anonymous_7)
FNDA:0,(anonymous_8)
FNDA:0,(anonymous_9)
FNDA:0,(anonymous_10)
FNDA:0,(anonymous_11)
FNDA:0,(anonymous_12)
FNDA:0,(anonymous_13)
FNDA:0,(anonymous_14)
FNDA:0,(anonymous_15)
DA:20,0
DA:21,0
DA:22,0
DA:24,0
DA:25,0
DA:26,0
DA:27,0
DA:29,0
DA:33,0
DA:35,0
DA:39,0
DA:40,0
DA:41,0
DA:42,0
DA:45,0
DA:46,0
DA:54,0
DA:55,0
DA:56,0
DA:57,0
DA:58,0
DA:69,0
DA:70,0
DA:79,0
DA:80,0
DA:87,0
DA:88,0
DA:91,0
DA:92,0
DA:93,0
DA:94,0
DA:95,0
DA:96,0
DA:99,0
DA:100,0
DA:103,0
DA:104,0
DA:105,0
DA:106,0
DA:107,0
DA:109,0
DA:118,0
DA:150,0
DA:160,0
DA:169,0
DA:187,0
DA:195,0
LF:47
LH:0
BRDA:54,0,0,0
BRDA:54,0,1,0
BRDA:55,1,0,0
BRDA:55,1,1,0
BRDA:107,2,0,0
BRDA:107,2,1,0
BRDA:114,3,0,0
BRDA:114,3,1,0
BRDA:136,4,0,0
BRDA:136,4,1,0
BRDA:138,5,0,0
BRDA:138,5,1,0
BRDA:140,6,0,0
BRDA:140,6,1,0
BRDA:147,7,0,0
BRDA:147,7,1,0
BRF:16
BRH:0
end_of_record
TN:
SF:src\screens\LineItemsScreen.tsx
FN:24,LineItemsScreen
FN:36,(anonymous_1)
FN:40,(anonymous_2)
FN:52,(anonymous_3)
FN:58,(anonymous_4)
FN:68,(anonymous_5)
FN:105,(anonymous_6)
FN:114,(anonymous_7)
FN:130,(anonymous_8)
FN:131,(anonymous_9)
FN:134,(anonymous_10)
FN:139,(anonymous_11)
FN:142,(anonymous_12)
FN:177,(anonymous_13)
FN:196,(anonymous_14)
FN:204,(anonymous_15)
FN:213,(anonymous_16)
FN:221,(anonymous_17)
FN:229,(anonymous_18)
FNF:19
FNH:0
FNDA:0,LineItemsScreen
FNDA:0,(anonymous_1)
FNDA:0,(anonymous_2)
FNDA:0,(anonymous_3)
FNDA:0,(anonymous_4)
FNDA:0,(anonymous_5)
FNDA:0,(anonymous_6)
FNDA:0,(anonymous_7)
FNDA:0,(anonymous_8)
FNDA:0,(anonymous_9)
FNDA:0,(anonymous_10)
FNDA:0,(anonymous_11)
FNDA:0,(anonymous_12)
FNDA:0,(anonymous_13)
FNDA:0,(anonymous_14)
FNDA:0,(anonymous_15)
FNDA:0,(anonymous_16)
FNDA:0,(anonymous_17)
FNDA:0,(anonymous_18)
DA:25,0
DA:26,0
DA:27,0
DA:28,0
DA:29,0
DA:30,0
DA:36,0
DA:37,0
DA:40,0
DA:41,0
DA:42,0
DA:43,0
DA:44,0
DA:45,0
DA:47,0
DA:48,0
DA:52,0
DA:53,0
DA:54,0
DA:55,0
DA:58,0
DA:59,0
DA:60,0
DA:65,0
DA:68,0
DA:69,0
DA:70,0
DA:71,0
DA:74,0
DA:75,0
DA:76,0
DA:78,0
DA:79,0
DA:80,0
DA:88,0
DA:97,0
DA:98,0
DA:100,0
DA:101,0
DA:105,0
DA:106,0
DA:115,0
DA:116,0
DA:117,0
DA:118,0
DA:121,0
DA:122,0
DA:130,0
DA:131,0
DA:134,0
DA:135,0
DA:139,0
DA:142,0
DA:155,0
DA:177,0
DA:196,0
DA:204,0
DA:213,0
DA:221,0
DA:229,0
DA:248,0
LF:61
LH:0
BRDA:69,0,0,0
BRDA:69,0,1,0
BRDA:74,1,0,0
BRDA:74,1,1,0
BRDA:75,2,0,0
BRDA:75,2,1,0
BRDA:79,3,0,0
BRDA:79,3,1,0
BRDA:79,4,0,0
BRDA:79,4,1,0
BRDA:116,5,0,0
BRDA:116,5,1,0
BRDA:157,6,0,0
BRDA:157,6,1,0
BRDA:159,7,0,0
BRDA:159,7,1,0
BRDA:167,8,0,0
BRDA:167,8,1,0
BRDA:167,8,2,0
BRDA:167,9,0,0
BRDA:167,9,1,0
BRDA:202,10,0,0
BRDA:202,10,1,0
BRDA:234,11,0,0
BRDA:234,11,1,0
BRDA:234,12,0,0
BRDA:234,12,1,0
BRF:27
BRH:0
end_of_record
TN:
SF:src\screens\ReportsScreen.tsx
FN:39,ReportsScreen
FN:52,(anonymous_1)
FN:60,(anonymous_2)
FN:63,(anonymous_3)
FN:64,(anonymous_4)
FN:67,(anonymous_5)
FN:68,(anonymous_6)
FN:72,(anonymous_7)
FN:73,(anonymous_8)
FN:87,(anonymous_9)
FN:92,(anonymous_10)
FN:117,(anonymous_11)
FN:121,(anonymous_12)
FN:126,(anonymous_13)
FN:131,(anonymous_14)
FN:136,(anonymous_15)
FN:142,(anonymous_16)
FN:144,(anonymous_17)
FN:147,(anonymous_18)
FN:157,(anonymous_19)
FN:160,(anonymous_20)
FN:165,(anonymous_21)
FN:173,(anonymous_22)
FN:176,(anonymous_23)
FN:199,(anonymous_24)
FN:203,(anonymous_25)
FN:253,(anonymous_26)
FN:262,(anonymous_27)
FN:271,(anonymous_28)
FN:290,(anonymous_29)
FN:317,(anonymous_30)
FN:318,(anonymous_31)
FN:338,(anonymous_32)
FN:345,(anonymous_33)
FN:392,(anonymous_34)
FN:400,(anonymous_35)
FN:420,(anonymous_36)
FN:434,(anonymous_37)
FN:442,(anonymous_38)
FNF:39
FNH:0
FNDA:0,ReportsScreen
FNDA:0,(anonymous_1)
FNDA:0,(anonymous_2)
FNDA:0,(anonymous_3)
FNDA:0,(anonymous_4)
FNDA:0,(anonymous_5)
FNDA:0,(anonymous_6)
FNDA:0,(anonymous_7)
FNDA:0,(anonymous_8)
FNDA:0,(anonymous_9)
FNDA:0,(anonymous_10)
FNDA:0,(anonymous_11)
FNDA:0,(anonymous_12)
FNDA:0,(anonymous_13)
FNDA:0,(anonymous_14)
FNDA:0,(anonymous_15)
FNDA:0,(anonymous_16)
FNDA:0,(anonymous_17)
FNDA:0,(anonymous_18)
FNDA:0,(anonymous_19)
FNDA:0,(anonymous_20)
FNDA:0,(anonymous_21)
FNDA:0,(anonymous_22)
FNDA:0,(anonymous_23)
FNDA:0,(anonymous_24)
FNDA:0,(anonymous_25)
FNDA:0,(anonymous_26)
FNDA:0,(anonymous_27)
FNDA:0,(anonymous_28)
FNDA:0,(anonymous_29)
FNDA:0,(anonymous_30)
FNDA:0,(anonymous_31)
FNDA:0,(anonymous_32)
FNDA:0,(anonymous_33)
FNDA:0,(anonymous_34)
FNDA:0,(anonymous_35)
FNDA:0,(anonymous_36)
FNDA:0,(anonymous_37)
FNDA:0,(anonymous_38)
DA:31,0
DA:34,0
DA:40,0
DA:41,0
DA:42,0
DA:43,0
DA:44,0
DA:52,0
DA:53,0
DA:54,0
DA:60,0
DA:62,0
DA:63,0
DA:64,0
DA:66,0
DA:67,0
DA:68,0
DA:70,0
DA:71,0
DA:72,0
DA:74,0
DA:77,0
DA:86,0
DA:88,0
DA:92,0
DA:93,0
DA:94,0
DA:96,0
DA:98,0
DA:99,0
DA:101,0
DA:102,0
DA:104,0
DA:105,0
DA:107,0
DA:108,0
DA:111,0
DA:117,0
DA:118,0
DA:121,0
DA:122,0
DA:123,0
DA:126,0
DA:127,0
DA:128,0
DA:131,0
DA:132,0
DA:135,0
DA:136,0
DA:140,0
DA:142,0
DA:144,0
DA:147,0
DA:156,0
DA:157,0
DA:160,0
DA:165,0
DA:166,0
DA:167,0
DA:169,0
DA:173,0
DA:174,0
DA:176,0
DA:186,0
DA:200,0
DA:203,0
DA:253,0
DA:262,0
DA:271,0
DA:290,0
DA:317,0
DA:318,0
DA:339,0
DA:345,0
DA:392,0
DA:400,0
DA:420,0
DA:434,0
DA:442,0
DA:461,0
LF:80
LH:0
BRDA:74,0,0,0
BRDA:74,0,1,0
BRDA:96,1,0,0
BRDA:96,1,1,0
BRDA:96,1,2,0
BRDA:96,1,3,0
BRDA:127,2,0,0
BRDA:127,2,1,0
BRDA:140,3,0,0
BRDA:140,3,1,0
BRDA:142,4,0,0
BRDA:142,4,1,0
BRDA:166,5,0,0
BRDA:166,5,1,0
BRDA:202,6,0,0
BRDA:202,6,1,0
BRDA:208,7,0,0
BRDA:208,7,1,0
BRDA:224,8,0,0
BRDA:224,8,1,0
BRDA:227,9,0,0
BRDA:227,9,1,0
BRDA:248,10,0,0
BRDA:248,10,1,0
BRDA:252,11,0,0
BRDA:252,11,1,0
BRDA:255,12,0,0
BRDA:255,12,1,0
BRDA:256,13,0,0
BRDA:256,13,1,0
BRDA:261,14,0,0
BRDA:261,14,1,0
BRDA:264,15,0,0
BRDA:264,15,1,0
BRDA:265,16,0,0
BRDA:265,16,1,0
BRDA:270,17,0,0
BRDA:270,17,1,0
BRDA:273,18,0,0
BRDA:273,18,1,0
BRDA:274,19,0,0
BRDA:274,19,1,0
BRDA:281,20,0,0
BRDA:281,20,1,0
BRDA:290,21,0,0
BRDA:302,22,0,0
BRDA:302,22,1,0
BRDA:317,23,0,0
BRDA:318,24,0,0
BRDA:334,25,0,0
BRDA:334,25,1,0
BRDA:343,26,0,0
BRDA:343,26,1,0
BRDA:375,27,0,0
BRDA:375,27,1,0
BRDA:386,28,0,0
BRDA:386,28,1,0
BRDA:420,29,0,0
BRDA:420,29,1,0
BRDA:428,30,0,0
BRDA:428,30,1,0
BRDA:448,31,0,0
BRDA:448,31,1,0
BRDA:448,31,2,0
BRF:64
BRH:0
end_of_record
TN:
SF:src\screens\ScanReceiptScreen.tsx
FN:22,ScanReceiptScreen
FN:31,(anonymous_1)
FN:60,(anonymous_2)
FN:88,(anonymous_3)
FN:103,(anonymous_4)
FN:143,(anonymous_5)
FN:151,(anonymous_6)
FN:190,(anonymous_7)
FN:197,(anonymous_8)
FN:207,(anonymous_9)
FN:282,(anonymous_10)
FNF:11
FNH:0
FNDA:0,ScanReceiptScreen
FNDA:0,(anonymous_1)
FNDA:0,(anonymous_2)
FNDA:0,(anonymous_3)
FNDA:0,(anonymous_4)
FNDA:0,(anonymous_5)
FNDA:0,(anonymous_6)
FNDA:0,(anonymous_7)
FNDA:0,(anonymous_8)
FNDA:0,(anonymous_9)
FNDA:0,(anonymous_10)
DA:23,0
DA:24,0
DA:25,0
DA:26,0
DA:27,0
DA:28,0
DA:31,0
DA:32,0
DA:34,0
DA:35,0
DA:36,0
DA:39,0
DA:46,0
DA:47,0
DA:48,0
DA:50,0
DA:51,0
DA:53,0
DA:55,0
DA:60,0
DA:61,0
DA:63,0
DA:64,0
DA:65,0
DA:68,0
DA:74,0
DA:75,0
DA:76,0
DA:78,0
DA:79,0
DA:81,0
DA:83,0
DA:88,0
DA:89,0
DA:90,0
DA:92,0
DA:93,0
DA:95,0
DA:96,0
DA:103,0
DA:107,0
DA:108,0
DA:111,0
DA:112,0
DA:113,0
DA:115,0
DA:116,0
DA:118,0
DA:119,0
DA:126,0
DA:127,0
DA:128,0
DA:130,0
DA:137,0
DA:139,0
DA:143,0
DA:144,0
DA:145,0
DA:146,0
DA:148,0
DA:151,0
DA:152,0
DA:154,0
DA:155,0
DA:156,0
DA:169,0
DA:170,0
DA:171,0
DA:172,0
DA:183,0
DA:184,0
DA:191,0
DA:192,0
DA:197,0
DA:202,0
DA:203,0
DA:207,0
DA:208,0
DA:219,0
DA:283,0
DA:343,0
LF:81
LH:0
BRDA:34,0,0,0
BRDA:34,0,1,0
BRDA:46,1,0,0
BRDA:46,1,1,0
BRDA:46,2,0,0
BRDA:46,2,1,0
BRDA:51,3,0,0
BRDA:51,3,1,0
BRDA:53,4,0,0
BRDA:53,4,1,0
BRDA:63,5,0,0
BRDA:63,5,1,0
BRDA:74,6,0,0
BRDA:74,6,1,0
BRDA:74,7,0,0
BRDA:74,7,1,0
BRDA:79,8,0,0
BRDA:79,8,1,0
BRDA:81,9,0,0
BRDA:81,9,1,0
BRDA:95,10,0,0
BRDA:95,10,1,0
BRDA:118,11,0,0
BRDA:118,11,1,0
BRDA:126,12,0,0
BRDA:126,12,1,0
BRDA:144,13,0,0
BRDA:144,13,1,0
BRDA:152,14,0,0
BRDA:152,14,1,0
BRDA:169,15,0,0
BRDA:169,15,1,0
BRDA:169,16,0,0
BRDA:169,16,1,0
BRDA:169,16,2,0
BRDA:171,17,0,0
BRDA:171,17,1,0
BRDA:171,18,0,0
BRDA:171,18,1,0
BRDA:175,19,0,0
BRDA:175,19,1,0
BRDA:176,20,0,0
BRDA:176,20,1,0
BRDA:176,20,2,0
BRDA:177,21,0,0
BRDA:177,21,1,0
BRDA:177,21,2,0
BRDA:183,22,0,0
BRDA:183,22,1,0
BRDA:222,23,0,0
BRDA:222,23,1,0
BRDA:238,24,0,0
BRDA:238,24,1,0
BRDA:245,25,0,0
BRDA:245,25,1,0
BRDA:245,25,2,0
BRDA:251,26,0,0
BRDA:251,26,1,0
BRDA:279,27,0,0
BRDA:279,27,1,0
BRDA:279,27,2,0
BRDA:284,28,0,0
BRDA:284,28,1,0
BRDA:308,29,0,0
BRDA:308,29,1,0
BRDA:308,29,2,0
BRDA:308,29,3,0
BRF:67
BRH:0
end_of_record
TN:
SF:src\screens\SettingsScreen.tsx
FN:15,SettingsScreen
FN:21,(anonymous_1)
FN:25,(anonymous_2)
FN:33,(anonymous_3)
FN:53,(anonymous_4)
FN:62,(anonymous_5)
FN:98,(anonymous_6)
FN:147,(anonymous_7)
FN:171,(anonymous_8)
FN:198,(anonymous_9)
FN:212,(anonymous_10)
FNF:11
FNH:0
FNDA:0,SettingsScreen
FNDA:0,(anonymous_1)
FNDA:0,(anonymous_2)
FNDA:0,(anonymous_3)
FNDA:0,(anonymous_4)
FNDA:0,(anonymous_5)
FNDA:0,(anonymous_6)
FNDA:0,(anonymous_7)
FNDA:0,(anonymous_8)
FNDA:0,(anonymous_9)
FNDA:0,(anonymous_10)
DA:16,0
DA:17,0
DA:18,0
DA:19,0
DA:21,0
DA:22,0
DA:25,0
DA:26,0
DA:27,0
DA:28,0
DA:29,0
DA:33,0
DA:34,0
DA:35,0
DA:36,0
DA:39,0
DA:40,0
DA:41,0
DA:44,0
DA:45,0
DA:46,0
DA:47,0
DA:49,0
DA:53,0
DA:54,0
DA:63,0
DA:64,0
DA:65,0
DA:66,0
DA:73,0
DA:98,0
DA:148,0
DA:172,0
DA:173,0
DA:174,0
DA:178,0
DA:179,0
DA:181,0
DA:182,0
DA:183,0
DA:199,0
DA:213,0
DA:248,0
LF:43
LH:0
BRDA:27,0,0,0
BRDA:27,0,1,0
BRDA:34,1,0,0
BRDA:34,1,1,0
BRDA:39,2,0,0
BRDA:39,2,1,0
BRDA:101,3,0,0
BRDA:101,3,1,0
BRDA:116,4,0,0
BRDA:116,4,1,0
BRDA:126,5,0,0
BRDA:126,5,1,0
BRDA:172,6,0,0
BRDA:172,6,1,0
BRDA:179,7,0,0
BRDA:179,7,1,0
BRDA:182,8,0,0
BRDA:182,8,1,0
BRDA:240,9,0,0
BRDA:240,9,1,0
BRF:20
BRH:0
end_of_record
TN:
SF:src\screens\TransactionsScreen.tsx
FN:18,TransactionsScreen
FN:23,(anonymous_1)
FN:33,(anonymous_2)
FN:38,(anonymous_3)
FN:44,(anonymous_4)
FN:48,(anonymous_5)
FN:53,(anonymous_6)
FN:56,(anonymous_7)
FN:86,(anonymous_8)
FN:103,(anonymous_9)
FN:113,(anonymous_10)
FN:120,(anonymous_11)
FNF:12
FNH:0
FNDA:0,TransactionsScreen
FNDA:0,(anonymous_1)
FNDA:0,(anonymous_2)
FNDA:0,(anonymous_3)
FNDA:0,(anonymous_4)
FNDA:0,(anonymous_5)
FNDA:0,(anonymous_6)
FNDA:0,(anonymous_7)
FNDA:0,(anonymous_8)
FNDA:0,(anonymous_9)
FNDA:0,(anonymous_10)
FNDA:0,(anonymous_11)
DA:19,0
DA:20,0
DA:21,0
DA:23,0
DA:24,0
DA:25,0
DA:26,0
DA:28,0
DA:32,0
DA:34,0
DA:38,0
DA:39,0
DA:40,0
DA:41,0
DA:44,0
DA:45,0
DA:48,0
DA:49,0
DA:50,0
DA:53,0
DA:54,0
DA:56,0
DA:86,0
DA:87,0
DA:94,0
DA:103,0
DA:113,0
DA:120,0
DA:128,0
LF:29
LH:0
BRDA:63,0,0,0
BRDA:63,0,1,0
BRDA:75,1,0,0
BRDA:75,1,1,0
BRDA:78,2,0,0
BRDA:78,2,1,0
BRDA:104,3,0,0
BRDA:104,3,1,0
BRF:8
BRH:0
end_of_record
TN:
SF:src\services\dataSharing.ts
FN:10,(anonymous_0)
FN:53,(anonymous_1)
FN:103,(anonymous_2)
FN:149,(anonymous_3)
FN:173,(anonymous_4)
FN:181,(anonymous_5)
FN:185,(anonymous_6)
FN:220,(anonymous_7)
FNF:8
FNH:0
FNDA:0,(anonymous_0)
FNDA:0,(anonymous_1)
FNDA:0,(anonymous_2)
FNDA:0,(anonymous_3)
FNDA:0,(anonymous_4)
FNDA:0,(anonymous_5)
FNDA:0,(anonymous_6)
FNDA:0,(anonymous_7)
DA:11,0
DA:12,0
DA:13,0
DA:15,0
DA:23,0
DA:24,0
DA:27,0
DA:35,0
DA:40,0
DA:41,0
DA:44,0
DA:46,0
DA:47,0
DA:48,0
DA:54,0
DA:56,0
DA:59,0
DA:60,0
DA:63,0
DA:64,0
DA:65,0
DA:68,0
DA:69,0
DA:72,0
DA:73,0
DA:74,0
DA:75,0
DA:76,0
DA:81,0
DA:82,0
DA:83,0
DA:84,0
DA:85,0
DA:89,0
DA:94,0
DA:96,0
DA:97,0
DA:98,0
DA:104,0
DA:106,0
DA:107,0
DA:109,0
DA:117,0
DA:120,0
DA:121,0
DA:122,0
DA:124,0
DA:127,0
DA:129,0
DA:130,0
DA:136,0
DA:138,0
DA:139,0
DA:142,0
DA:143,0
DA:144,0
DA:150,0
DA:151,0
DA:156,0
DA:157,0
DA:160,0
DA:163,0
DA:164,0
DA:167,0
DA:168,0
DA:169,0
DA:173,0
DA:174,0
DA:181,0
DA:186,0
DA:188,0
DA:190,0
DA:191,0
DA:195,0
DA:196,0
DA:197,0
DA:200,0
DA:201,0
DA:203,0
DA:204,0
DA:205,0
DA:213,0
DA:214,0
DA:215,0
DA:221,0
DA:224,0
DA:225,0
DA:227,0
DA:230,0
DA:237,0
DA:238,0
DA:239,0
DA:240,0
DA:242,0
DA:244,0
DA:245,0
DA:246,0
DA:251,0
DA:254,0
DA:256,0
DA:257,0
DA:258,0
DA:263,0
LF:103
LH:0
BRDA:40,0,0,0
BRDA:40,0,1,0
BRDA:63,1,0,0
BRDA:63,1,1,0
BRDA:63,2,0,0
BRDA:63,2,1,0
BRDA:63,2,2,0
BRDA:72,3,0,0
BRDA:72,3,1,0
BRDA:81,4,0,0
BRDA:81,4,1,0
BRDA:129,5,0,0
BRDA:129,5,1,0
BRDA:156,6,0,0
BRDA:156,6,1,0
BRDA:167,7,0,0
BRDA:167,7,1,0
BRDA:167,8,0,0
BRDA:167,8,1,0
BRDA:167,8,2,0
BRDA:224,9,0,0
BRDA:224,9,1,0
BRDA:224,10,0,0
BRDA:224,10,1,0
BRDA:245,11,0,0
BRDA:245,11,1,0
BRF:26
BRH:0
end_of_record
TN:
SF:src\services\database.ts
FN:7,(anonymous_0)
FN:12,(anonymous_1)
FN:62,(anonymous_2)
FN:70,(anonymous_3)
FN:77,(anonymous_4)
FN:97,(anonymous_5)
FN:142,(anonymous_6)
FN:147,(anonymous_7)
FN:156,(anonymous_8)
FN:164,(anonymous_9)
FN:173,(anonymous_10)
FN:190,(anonymous_11)
FN:200,(anonymous_12)
FN:231,(anonymous_13)
FN:241,(anonymous_14)
FN:247,(anonymous_15)
FN:262,(anonymous_16)
FN:275,(anonymous_17)
FN:280,(anonymous_18)
FN:289,(anonymous_19)
FNF:20
FNH:19
FNDA:1,(anonymous_0)
FNDA:1,(anonymous_1)
FNDA:1,(anonymous_2)
FNDA:1,(anonymous_3)
FNDA:9,(anonymous_4)
FNDA:1,(anonymous_5)
FNDA:1,(anonymous_6)
FNDA:1,(anonymous_7)
FNDA:1,(anonymous_8)
FNDA:1,(anonymous_9)
FNDA:4,(anonymous_10)
FNDA:0,(anonymous_11)
FNDA:1,(anonymous_12)
FNDA:3,(anonymous_13)
FNDA:1,(anonymous_14)
FNDA:4,(anonymous_15)
FNDA:1,(anonymous_16)
FNDA:1,(anonymous_17)
FNDA:3,(anonymous_18)
FNDA:2,(anonymous_19)
DA:5,1
DA:8,1
DA:9,1
DA:13,1
DA:15,1
DA:50,1
DA:51,1
DA:54,1
DA:57,0
DA:63,1
DA:65,1
DA:70,1
DA:78,9
DA:80,9
DA:94,9
DA:98,1
DA:100,1
DA:101,1
DA:103,1
DA:104,1
DA:105,1
DA:107,1
DA:108,1
DA:109,1
DA:111,1
DA:112,1
DA:113,1
DA:115,1
DA:116,1
DA:117,1
DA:119,1
DA:120,1
DA:121,1
DA:123,1
DA:124,0
DA:125,0
DA:127,1
DA:128,0
DA:129,0
DA:132,1
DA:133,1
DA:134,1
DA:136,1
DA:143,1
DA:144,1
DA:148,1
DA:150,1
DA:156,1
DA:165,1
DA:167,1
DA:170,1
DA:174,4
DA:176,4
DA:177,4
DA:187,4
DA:191,0
DA:193,0
DA:201,1
DA:203,1
DA:204,1
DA:206,1
DA:207,1
DA:208,1
DA:210,1
DA:211,1
DA:212,1
DA:214,1
DA:215,1
DA:216,1
DA:218,1
DA:219,1
DA:220,1
DA:223,1
DA:225,1
DA:232,3
DA:234,3
DA:238,3
DA:242,1
DA:243,1
DA:248,4
DA:250,4
DA:259,4
DA:263,1
DA:265,1
DA:276,1
DA:277,1
DA:281,3
DA:283,3
DA:290,2
DA:292,2
DA:297,2
DA:299,1
DA:307,1
LF:93
LH:86
BRDA:13,0,0,0
BRDA:13,0,1,1
BRDA:63,1,0,0
BRDA:63,1,1,1
BRDA:73,2,0,1
BRDA:73,2,1,0
BRDA:78,3,0,0
BRDA:78,3,1,9
BRDA:88,4,0,9
BRDA:88,4,1,8
BRDA:89,5,0,0
BRDA:89,5,1,9
BRDA:98,6,0,0
BRDA:98,6,1,1
BRDA:103,7,0,1
BRDA:103,7,1,0
BRDA:107,8,0,1
BRDA:107,8,1,0
BRDA:111,9,0,1
BRDA:111,9,1,0
BRDA:115,10,0,1
BRDA:115,10,1,0
BRDA:119,11,0,1
BRDA:119,11,1,0
BRDA:123,12,0,0
BRDA:123,12,1,1
BRDA:125,13,0,0
BRDA:125,13,1,0
BRDA:127,14,0,0
BRDA:127,14,1,1
BRDA:129,15,0,0
BRDA:129,15,1,0
BRDA:143,16,0,0
BRDA:143,16,1,1
BRDA:148,17,0,0
BRDA:148,17,1,1
BRDA:159,18,0,1
BRDA:159,18,1,1
BRDA:165,19,0,0
BRDA:165,19,1,1
BRDA:174,20,0,0
BRDA:174,20,1,4
BRDA:191,21,0,0
BRDA:191,21,1,0
BRDA:201,22,0,0
BRDA:201,22,1,1
BRDA:206,23,0,1
BRDA:206,23,1,0
BRDA:210,24,0,1
BRDA:210,24,1,0
BRDA:214,25,0,1
BRDA:214,25,1,0
BRDA:218,26,0,1
BRDA:218,26,1,0
BRDA:232,27,0,0
BRDA:232,27,1,3
BRDA:238,28,0,3
BRDA:238,28,1,1
BRDA:242,29,0,0
BRDA:242,29,1,1
BRDA:248,30,0,0
BRDA:248,30,1,4
BRDA:263,31,0,0
BRDA:263,31,1,1
BRDA:276,32,0,0
BRDA:276,32,1,1
BRDA:281,33,0,0
BRDA:281,33,1,3
BRDA:290,34,0,0
BRDA:290,34,1,2
BRDA:297,35,0,1
BRDA:297,35,1,1
BRDA:302,36,0,1
BRDA:302,36,1,0
BRF:74
BRH:38
end_of_record
TN:
SF:src\services\openai.ts
FN:25,(anonymous_0)
FN:29,(anonymous_1)
FN:34,(anonymous_2)
FN:41,(anonymous_3)
FN:46,(anonymous_4)
FN:162,(anonymous_5)
FNF:6
FNH:0
FNDA:0,(anonymous_0)
FNDA:0,(anonymous_1)
FNDA:0,(anonymous_2)
FNDA:0,(anonymous_3)
FNDA:0,(anonymous_4)
FNDA:0,(anonymous_5)
DA:4,0
DA:23,0
DA:26,0
DA:30,0
DA:31,0
DA:35,0
DA:36,0
DA:38,0
DA:42,0
DA:43,0
DA:47,0
DA:48,0
DA:51,0
DA:52,0
DA:53,0
DA:106,0
DA:107,0
DA:108,0
DA:111,0
DA:112,0
DA:113,0
DA:114,0
DA:115,0
DA:119,0
DA:122,0
DA:131,0
DA:133,0
DA:134,0
DA:140,0
DA:141,0
DA:143,0
DA:144,0
DA:146,0
DA:147,0
DA:150,0
DA:151,0
DA:154,0
DA:155,0
DA:158,0
DA:163,0
DA:173,0
DA:174,0
DA:178,0
LF:43
LH:0
BRDA:35,0,0,0
BRDA:35,0,1,0
BRDA:47,1,0,0
BRDA:47,1,1,0
BRDA:112,2,0,0
BRDA:112,2,1,0
BRDA:114,3,0,0
BRDA:114,3,1,0
BRDA:123,4,0,0
BRDA:123,4,1,0
BRDA:124,5,0,0
BRDA:124,5,1,0
BRDA:125,6,0,0
BRDA:125,6,1,0
BRDA:127,7,0,0
BRDA:127,7,1,0
BRDA:128,8,0,0
BRDA:128,8,1,0
BRDA:133,9,0,0
BRDA:133,9,1,0
BRDA:140,10,0,0
BRDA:140,10,1,0
BRDA:143,11,0,0
BRDA:143,11,1,0
BRDA:146,12,0,0
BRDA:146,12,1,0
BRDA:150,13,0,0
BRDA:150,13,1,0
BRDA:154,14,0,0
BRDA:154,14,1,0
BRDA:174,15,0,0
BRDA:174,15,1,0
BRF:32
BRH:0
end_of_record
